



<!DOCTYPE html>
<html lang="en">
<head>
	<meta charset="utf-8" />
	<title>ExtentReports</title>
	<meta name="description" content="extent" />
	<meta name="viewport" content="width=device-width, initial-scale=1, maximum-scale=1, minimal-ui" />
	<meta http-equiv="X-UA-Compatible" content="IE=edge">
	<meta name="apple-mobile-web-app-capable" content="yes">
	<meta name="apple-mobile-web-app-status-barstyle" content="black-translucent">
	<meta name="apple-mobile-web-app-title" content="extent">
	<meta name="mobile-web-app-capable" content="yes">
	<link rel="stylesheet" href="https://cdnjs.cloudflare.com/ajax/libs/font-awesome/4.7.0/css/font-awesome.min.css">
	<link rel="stylesheet" href="https://cdn.jsdelivr.net/gh/extent-framework/extent-github-cdn@832f979664f9d68bf618db3ac87498ac6c1a6390/logger/css/logger-style.css" type="text/css" />
</head>
	<script type="text/javascript">
		/*! json-tree - v0.2.2 - 2017-09-25, MIT LICENSE */
		var JSONTree=function(){var n={"&":"&amp;","<":"&lt;",">":"&gt;",'"':"&quot;","'":"&#x27;","/":"&#x2F;"},t=0,r=0;this.create=function(n,t){return r+=1,N(u(n,0,!1),{class:"jstValue"})};var e=function(t){return t.replace(/[&<>'"]/g,function(t){return n[t]})},s=function(){return r+"_"+t++},u=function(n,t,r){if(null===n)return f(r?t:0);switch(typeof n){case"boolean":return l(n,r?t:0);case"number":return i(n,r?t:0);case"string":return o(n,r?t:0);default:return n instanceof Array?a(n,t,r):c(n,t,r)}},c=function(n,t,r){var e=s(),u=Object.keys(n).map(function(r){return j(r,n[r],t+1,!0)}).join(m()),c=[g("{",r?t:0,e),N(u,{id:e}),p("}",t)].join("\n");return N(c,{})},a=function(n,t,r){var e=s(),c=n.map(function(n){return u(n,t+1,!0)}).join(m());return[g("[",r?t:0,e),N(c,{id:e}),p("]",t)].join("\n")},o=function(n,t){var r=e(JSON.stringify(n));return N(v(r,t),{class:"jstStr"})},i=function(n,t){return N(v(n,t),{class:"jstNum"})},l=function(n,t){return N(v(n,t),{class:"jstBool"})},f=function(n){return N(v("null",n),{class:"jstNull"})},j=function(n,t,r){var s=v(e(JSON.stringify(n))+": ",r),c=N(u(t,r,!1),{});return N(s+c,{class:"jstProperty"})},m=function(){return N(",\n",{class:"jstComma"})},N=function(n,t){return d("span",t,n)},d=function(n,t,r){return"<"+n+Object.keys(t).map(function(n){return" "+n+'="'+t[n]+'"'}).join("")+">"+r+"</"+n+">"},g=function(n,t,r){return N(v(n,t),{class:"jstBracket"})+N("",{class:"jstFold",onclick:"JSONTree.toggle('"+r+"')"})};this.toggle=function(n){var t=document.getElementById(n),r=t.parentNode,e=t.previousElementSibling;""===t.className?(t.className="jstHiddenBlock",r.className="jstFolded",e.className="jstExpand"):(t.className="",r.className="",e.className="jstFold")};var p=function(n,t){return N(v(n,t),{})},v=function(n,t){return Array(2*t+1).join(" ")+n};return this}();
	</script>
	<body class="standard">
		<div class="app" id="app">
<div id="aside" class="app-aside fade box-shadow-x folded dark">
	<div class="sidenav modal-dialog dk">
		<div class="navbar">
			<a href="#" class="navbar-brand">
			<span class="d-inline small"><img src="https://cdn.rawgit.com/extent-framework/extent-github-cdn/d74480e/commons/img/logo.png"></span>
			</a>
		</div>
		<div class="flex hide-scroll">
			<div class="scroll">
				<div class="nav-border b-primary">
					<ul class="nav bg">
						<li>
							<a href="index.html">
							<span class="nav-icon">
							<i class="fa fa-align-left"></i>
							</span>
							<span class="nav-text">Tests</span>
							</a>
						</li>
												<li>
							<a href="tag.html">
							<span class="nav-icon">
							<i class="fa fa-tag"></i>
							</span>
							<span class="nav-text">Tags</span>
							</a>
						</li>
						<li>
							<a href="exception.html">
							<span class="nav-icon">
							<i class="fa fa-warning"></i>
							</span>
							<span class="nav-text">Exceptions</span>
							</a>
						</li>
						<li>
							<a href="dashboard.html">
							<span class="nav-icon">
							<i class="fa fa-dashboard"></i>
							</span>
							<span class="nav-text">Dashboard</span>
							</a>
						</li>
						<li class="pb-2 hidden-folded"></li>
					</ul>
				</div>
			</div>
		</div>
		<div class="no-shrink">
			<div class="nav-fold">
				<a id="lightsout" class="d-flex p-2-3"><span><i class="fa fa-desktop"></i></span></a>
				<div class="hidden-folded flex p-2-3 bg">
					<div class="d-flex p-1">
						<a href="http://github.com/extent-framework/extentreports" class="flex text-nowrap"><i class="fa fa-github"></i></a>
						<a href="http://extentreports.com" class="px-2"><i class="fa fa-book"></i></a>
					</div>
				</div>
			</div>
		</div>
	</div>
</div>			<div id="content" class="app-content box-shadow-0" role="main">
				<div id="content" class="app-content box-shadow-2 box-radius-2" role="main">
					<div class="content-header white  box-shadow-2" id="content-header">
						<div class="navbar navbar-expand-lg">
							<div class="input-group flex mr-1">
				              	<input id="qt" type="text" class="form-control px-0 no-bg no-border no-shadow search" placeholder="Search..." required="">
				              	<span class="input-group-btn">
				                	<button class="btn no-bg no-border no-shadow" type="button"><i class="fa fa-search text-muted text-xs"></i></button>
				              	</span>
				            </div>
							<ul class="nav nav-xs flex-row no-border pull-right">
								<li class="nav-item dropdown">
									<a class="nav-link b-l" data-toggle="dropdown">
									<span class="text-xs">
									<i class="fa fa-warning"></i>
									<i class="fa fa-caret-down"></i>
									</span>
									</a>
									<div class="dropdown-menu pt-0 mt-2 animate fadeIn">
										<a class="dropdown-item" href="#"><span class="tf" status="pass"><i class="fa fa-dot-circle-o text-success"></i>Pass</span></a>
										<a class="dropdown-item" href="#"><span class="tf" status="fail"><i class="fa fa-dot-circle-o text-danger"></i>Fail</span></a>
										
										
										
										
										<div class="dropdown-divider"></div>
										<a class="dropdown-item" href="#"><span class="tf" status="clear"><i class="fa fa-dot-circle-o text-warn"></i>Clear</span></a>
									</div>
								</li>
						        <li class="nav-item dropdown">
							        <a class="nav-link b-l" data-toggle="dropdown">
							            <span class="text-xs">
								      		<i class="fa fa-tag"></i>
								      		<i class="fa fa-caret-down"></i>
								        </span>
							        </a>
							        <div class="dropdown-menu pt-0 mt-2 animate fadeIn">
						    	        <a class="dropdown-item" href="#"><span class="cf">@FeatureGroup_Requirement</span></a>
						    	        <a class="dropdown-item" href="#"><span class="cf">@SmokeTest</span></a>
						    	        <div class="dropdown-divider"></div>
						    	        <a class="dropdown-item" href="#"><span class="tf" status="clear"><i class="fa fa-dot-circle-o text-warn"></i>Clear</span></a>
						    	      </div>
						        </li>
						        <li class="nav-item lightsout"><a class="nav-link b-l" href="#"><span><i class="fa fa-desktop"></i></span></a></li>
								<li><a href="#" class="b-l"><span class="badge badge-pull">ExtentReports</span></a></li>
								<li><a href="#" class="b-l"><span class="badge badge-pull">4.0</span></a></li>
							</ul>
						</div>
					</div>
					<div class="content-main " id="content-main">
						<div class="padding">
							<div class="row justify-content-md-center">
								<div class="col-md-8 col-sm-12">
									<div class="logger-content">
										<h6 class="mb-3 ml-1">Test Logs</h6>
											<div class="tsc" status="fail">
											<div class="st fail test l0" 
												tags="@FeatureGroup_Requirement"
												devices="">
												<span class="tt">05.30.2022 18:38:10</span>&nbsp;
												<span class="ts">fail</span>&nbsp;&nbsp;
												<span class="tn">[feature to test login functionality] started</span>
												<span class="category-list">
													<span class="category badge"><i class="fa fa-tag"></i> @FeatureGroup_Requirement</span>
												</span>
												<span class="author-list">
												</span>
												<span class="device-list">
												</span>
												
											</div>
											<div class="st pass test l1" 
												tags="@FeatureGroup_Requirement @SmokeTest"
												devices="">
												<span class="tt">05.30.2022 18:38:10</span>&nbsp;
												<span class="ts">pass</span>&nbsp;&nbsp;
												<span class="tn">|---[Validate login is successful with valid credentials] started</span>
												<span class="category-list">
													<span class="category badge"><i class="fa fa-tag"></i> @FeatureGroup_Requirement</span>
													<span class="category badge"><i class="fa fa-tag"></i> @SmokeTest</span>
												</span>
												<span class="author-list">
												</span>
												<span class="device-list">
												</span>
												
											</div>
											<div class="st pass test l2" 
												tags=""
												devices="">
												<span class="tt">05.30.2022 18:38:10</span>&nbsp;
												<span class="ts">pass</span>&nbsp;&nbsp;
												<span class="tn">&nbsp;&nbsp;&nbsp;&nbsp;|---[Given User is on login page] started</span>
												
												<div class="st pass">
													<span class="tt">05.30.2022 18:38:12</span>&nbsp;
													<span class="ts">pass</span>&nbsp;&nbsp; 
													<span class="tn">&nbsp;&nbsp;&nbsp;&nbsp;|---[Given User is on login page]</span>
													
													<span class="td"></span>
												</div>
											</div>
											<div class="st pass test l2" 
												tags=""
												devices="">
												<span class="tt">05.30.2022 18:38:12</span>&nbsp;
												<span class="ts">pass</span>&nbsp;&nbsp;
												<span class="tn">&nbsp;&nbsp;&nbsp;&nbsp;|---[stepdefinition.Hooks.as(io.cucumber.java.Scenario)] started</span>
												
												<div class="st info">
													<span class="tt">05.30.2022 18:38:12</span>&nbsp;
													<span class="ts">info</span>&nbsp;&nbsp; 
													<span class="tn">&nbsp;&nbsp;&nbsp;&nbsp;|---[stepdefinition.Hooks.as(io.cucumber.java.Scenario)]</span>
													<span class="tm"><img class='r-img' onerror='this.style.display="none"' data-featherlight='../screenshots/embedded1.png' src='../screenshots/embedded1.png'></span>
													<span class="td"></span>
												</div>
											</div>
											<div class="st pass test l2" 
												tags=""
												devices="">
												<span class="tt">05.30.2022 18:38:12</span>&nbsp;
												<span class="ts">pass</span>&nbsp;&nbsp;
												<span class="tn">&nbsp;&nbsp;&nbsp;&nbsp;|---[When User enters username and password] started</span>
												
												<div class="st pass">
													<span class="tt">05.30.2022 18:38:17</span>&nbsp;
													<span class="ts">pass</span>&nbsp;&nbsp; 
													<span class="tn">&nbsp;&nbsp;&nbsp;&nbsp;|---[When User enters username and password]</span>
													
													<span class="td"></span>
												</div>
											</div>
											<div class="st pass test l2" 
												tags=""
												devices="">
												<span class="tt">05.30.2022 18:38:17</span>&nbsp;
												<span class="ts">pass</span>&nbsp;&nbsp;
												<span class="tn">&nbsp;&nbsp;&nbsp;&nbsp;|---[stepdefinition.Hooks.as(io.cucumber.java.Scenario)] started</span>
												
												<div class="st info">
													<span class="tt">05.30.2022 18:38:18</span>&nbsp;
													<span class="ts">info</span>&nbsp;&nbsp; 
													<span class="tn">&nbsp;&nbsp;&nbsp;&nbsp;|---[stepdefinition.Hooks.as(io.cucumber.java.Scenario)]</span>
													<span class="tm"><img class='r-img' onerror='this.style.display="none"' data-featherlight='../screenshots/embedded2.png' src='../screenshots/embedded2.png'></span>
													<span class="td"></span>
												</div>
											</div>
											<div class="st pass test l2" 
												tags=""
												devices="">
												<span class="tt">05.30.2022 18:38:18</span>&nbsp;
												<span class="ts">pass</span>&nbsp;&nbsp;
												<span class="tn">&nbsp;&nbsp;&nbsp;&nbsp;|---[And Clicks on login button] started</span>
												
												<div class="st pass">
													<span class="tt">05.30.2022 18:38:23</span>&nbsp;
													<span class="ts">pass</span>&nbsp;&nbsp; 
													<span class="tn">&nbsp;&nbsp;&nbsp;&nbsp;|---[And Clicks on login button]</span>
													
													<span class="td"></span>
												</div>
											</div>
											<div class="st pass test l2" 
												tags=""
												devices="">
												<span class="tt">05.30.2022 18:38:23</span>&nbsp;
												<span class="ts">pass</span>&nbsp;&nbsp;
												<span class="tn">&nbsp;&nbsp;&nbsp;&nbsp;|---[stepdefinition.Hooks.as(io.cucumber.java.Scenario)] started</span>
												
												<div class="st info">
													<span class="tt">05.30.2022 18:38:23</span>&nbsp;
													<span class="ts">info</span>&nbsp;&nbsp; 
													<span class="tn">&nbsp;&nbsp;&nbsp;&nbsp;|---[stepdefinition.Hooks.as(io.cucumber.java.Scenario)]</span>
													<span class="tm"><img class='r-img' onerror='this.style.display="none"' data-featherlight='../screenshots/embedded3.png' src='../screenshots/embedded3.png'></span>
													<span class="td"></span>
												</div>
											</div>
											<div class="st pass test l2" 
												tags=""
												devices="">
												<span class="tt">05.30.2022 18:38:23</span>&nbsp;
												<span class="ts">pass</span>&nbsp;&nbsp;
												<span class="tn">&nbsp;&nbsp;&nbsp;&nbsp;|---[Then User navigated to the home page] started</span>
												
												<div class="st pass">
													<span class="tt">05.30.2022 18:38:31</span>&nbsp;
													<span class="ts">pass</span>&nbsp;&nbsp; 
													<span class="tn">&nbsp;&nbsp;&nbsp;&nbsp;|---[Then User navigated to the home page]</span>
													
													<span class="td"></span>
												</div>
											</div>
											<div class="st pass test l2" 
												tags=""
												devices="">
												<span class="tt">05.30.2022 18:38:31</span>&nbsp;
												<span class="ts">pass</span>&nbsp;&nbsp;
												<span class="tn">&nbsp;&nbsp;&nbsp;&nbsp;|---[stepdefinition.Hooks.as(io.cucumber.java.Scenario)] started</span>
												
												<div class="st info">
													<span class="tt">05.30.2022 18:38:32</span>&nbsp;
													<span class="ts">info</span>&nbsp;&nbsp; 
													<span class="tn">&nbsp;&nbsp;&nbsp;&nbsp;|---[stepdefinition.Hooks.as(io.cucumber.java.Scenario)]</span>
													<span class="tm"><img class='r-img' onerror='this.style.display="none"' data-featherlight='../screenshots/embedded4.png' src='../screenshots/embedded4.png'></span>
													<span class="td"></span>
												</div>
											</div>
											<div class="st pass test l1" 
												tags="@FeatureGroup_Requirement @SmokeTest"
												devices="">
												<span class="tt">05.30.2022 18:38:35</span>&nbsp;
												<span class="ts">pass</span>&nbsp;&nbsp;
												<span class="tn">|---[Validate login functionality without user credentials] started</span>
												<span class="category-list">
													<span class="category badge"><i class="fa fa-tag"></i> @FeatureGroup_Requirement</span>
													<span class="category badge"><i class="fa fa-tag"></i> @SmokeTest</span>
												</span>
												<span class="author-list">
												</span>
												<span class="device-list">
												</span>
												
											</div>
											<div class="st pass test l2" 
												tags=""
												devices="">
												<span class="tt">05.30.2022 18:38:35</span>&nbsp;
												<span class="ts">pass</span>&nbsp;&nbsp;
												<span class="tn">&nbsp;&nbsp;&nbsp;&nbsp;|---[Given User is on Safetychain Login page] started</span>
												
												<div class="st pass">
													<span class="tt">05.30.2022 18:38:38</span>&nbsp;
													<span class="ts">pass</span>&nbsp;&nbsp; 
													<span class="tn">&nbsp;&nbsp;&nbsp;&nbsp;|---[Given User is on Safetychain Login page]</span>
													
													<span class="td"></span>
												</div>
											</div>
											<div class="st pass test l2" 
												tags=""
												devices="">
												<span class="tt">05.30.2022 18:38:38</span>&nbsp;
												<span class="ts">pass</span>&nbsp;&nbsp;
												<span class="tn">&nbsp;&nbsp;&nbsp;&nbsp;|---[stepdefinition.Hooks.as(io.cucumber.java.Scenario)] started</span>
												
												<div class="st info">
													<span class="tt">05.30.2022 18:38:39</span>&nbsp;
													<span class="ts">info</span>&nbsp;&nbsp; 
													<span class="tn">&nbsp;&nbsp;&nbsp;&nbsp;|---[stepdefinition.Hooks.as(io.cucumber.java.Scenario)]</span>
													<span class="tm"><img class='r-img' onerror='this.style.display="none"' data-featherlight='../screenshots/embedded5.png' src='../screenshots/embedded5.png'></span>
													<span class="td"></span>
												</div>
											</div>
											<div class="st pass test l2" 
												tags=""
												devices="">
												<span class="tt">05.30.2022 18:38:39</span>&nbsp;
												<span class="ts">pass</span>&nbsp;&nbsp;
												<span class="tn">&nbsp;&nbsp;&nbsp;&nbsp;|---[When User without enters username and password] started</span>
												
												<div class="st pass">
													<span class="tt">05.30.2022 18:38:39</span>&nbsp;
													<span class="ts">pass</span>&nbsp;&nbsp; 
													<span class="tn">&nbsp;&nbsp;&nbsp;&nbsp;|---[When User without enters username and password]</span>
													
													<span class="td"></span>
												</div>
											</div>
											<div class="st pass test l2" 
												tags=""
												devices="">
												<span class="tt">05.30.2022 18:38:39</span>&nbsp;
												<span class="ts">pass</span>&nbsp;&nbsp;
												<span class="tn">&nbsp;&nbsp;&nbsp;&nbsp;|---[stepdefinition.Hooks.as(io.cucumber.java.Scenario)] started</span>
												
												<div class="st info">
													<span class="tt">05.30.2022 18:38:39</span>&nbsp;
													<span class="ts">info</span>&nbsp;&nbsp; 
													<span class="tn">&nbsp;&nbsp;&nbsp;&nbsp;|---[stepdefinition.Hooks.as(io.cucumber.java.Scenario)]</span>
													<span class="tm"><img class='r-img' onerror='this.style.display="none"' data-featherlight='../screenshots/embedded6.png' src='../screenshots/embedded6.png'></span>
													<span class="td"></span>
												</div>
											</div>
											<div class="st pass test l2" 
												tags=""
												devices="">
												<span class="tt">05.30.2022 18:38:39</span>&nbsp;
												<span class="ts">pass</span>&nbsp;&nbsp;
												<span class="tn">&nbsp;&nbsp;&nbsp;&nbsp;|---[And User clicks on login button] started</span>
												
												<div class="st pass">
													<span class="tt">05.30.2022 18:38:39</span>&nbsp;
													<span class="ts">pass</span>&nbsp;&nbsp; 
													<span class="tn">&nbsp;&nbsp;&nbsp;&nbsp;|---[And User clicks on login button]</span>
													
													<span class="td"></span>
												</div>
											</div>
											<div class="st pass test l2" 
												tags=""
												devices="">
												<span class="tt">05.30.2022 18:38:39</span>&nbsp;
												<span class="ts">pass</span>&nbsp;&nbsp;
												<span class="tn">&nbsp;&nbsp;&nbsp;&nbsp;|---[stepdefinition.Hooks.as(io.cucumber.java.Scenario)] started</span>
												
												<div class="st info">
													<span class="tt">05.30.2022 18:38:40</span>&nbsp;
													<span class="ts">info</span>&nbsp;&nbsp; 
													<span class="tn">&nbsp;&nbsp;&nbsp;&nbsp;|---[stepdefinition.Hooks.as(io.cucumber.java.Scenario)]</span>
													<span class="tm"><img class='r-img' onerror='this.style.display="none"' data-featherlight='../screenshots/embedded7.png' src='../screenshots/embedded7.png'></span>
													<span class="td"></span>
												</div>
											</div>
											<div class="st pass test l2" 
												tags=""
												devices="">
												<span class="tt">05.30.2022 18:38:40</span>&nbsp;
												<span class="ts">pass</span>&nbsp;&nbsp;
												<span class="tn">&nbsp;&nbsp;&nbsp;&nbsp;|---[Then validation message should be displayed] started</span>
												
												<div class="st pass">
													<span class="tt">05.30.2022 18:38:43</span>&nbsp;
													<span class="ts">pass</span>&nbsp;&nbsp; 
													<span class="tn">&nbsp;&nbsp;&nbsp;&nbsp;|---[Then validation message should be displayed]</span>
													
													<span class="td"></span>
												</div>
											</div>
											<div class="st pass test l2" 
												tags=""
												devices="">
												<span class="tt">05.30.2022 18:38:43</span>&nbsp;
												<span class="ts">pass</span>&nbsp;&nbsp;
												<span class="tn">&nbsp;&nbsp;&nbsp;&nbsp;|---[stepdefinition.Hooks.as(io.cucumber.java.Scenario)] started</span>
												
												<div class="st info">
													<span class="tt">05.30.2022 18:38:43</span>&nbsp;
													<span class="ts">info</span>&nbsp;&nbsp; 
													<span class="tn">&nbsp;&nbsp;&nbsp;&nbsp;|---[stepdefinition.Hooks.as(io.cucumber.java.Scenario)]</span>
													<span class="tm"><img class='r-img' onerror='this.style.display="none"' data-featherlight='../screenshots/embedded8.png' src='../screenshots/embedded8.png'></span>
													<span class="td"></span>
												</div>
											</div>
											<div class="st fail test l1" 
												tags="@FeatureGroup_Requirement @SmokeTest"
												devices="">
												<span class="tt">05.30.2022 18:38:47</span>&nbsp;
												<span class="ts">fail</span>&nbsp;&nbsp;
												<span class="tn">|---[Validate login is unsuccessful with invalid username credentials] started</span>
												<span class="category-list">
													<span class="category badge"><i class="fa fa-tag"></i> @FeatureGroup_Requirement</span>
													<span class="category badge"><i class="fa fa-tag"></i> @SmokeTest</span>
												</span>
												<span class="author-list">
												</span>
												<span class="device-list">
												</span>
												
											</div>
											<div class="st pass test l2" 
												tags=""
												devices="">
												<span class="tt">05.30.2022 18:38:47</span>&nbsp;
												<span class="ts">pass</span>&nbsp;&nbsp;
												<span class="tn">&nbsp;&nbsp;&nbsp;&nbsp;|---[Given User is on login page] started</span>
												
												<div class="st pass">
													<span class="tt">05.30.2022 18:38:49</span>&nbsp;
													<span class="ts">pass</span>&nbsp;&nbsp; 
													<span class="tn">&nbsp;&nbsp;&nbsp;&nbsp;|---[Given User is on login page]</span>
													
													<span class="td"></span>
												</div>
											</div>
											<div class="st pass test l2" 
												tags=""
												devices="">
												<span class="tt">05.30.2022 18:38:49</span>&nbsp;
												<span class="ts">pass</span>&nbsp;&nbsp;
												<span class="tn">&nbsp;&nbsp;&nbsp;&nbsp;|---[stepdefinition.Hooks.as(io.cucumber.java.Scenario)] started</span>
												
												<div class="st info">
													<span class="tt">05.30.2022 18:38:50</span>&nbsp;
													<span class="ts">info</span>&nbsp;&nbsp; 
													<span class="tn">&nbsp;&nbsp;&nbsp;&nbsp;|---[stepdefinition.Hooks.as(io.cucumber.java.Scenario)]</span>
													<span class="tm"><img class='r-img' onerror='this.style.display="none"' data-featherlight='../screenshots/embedded9.png' src='../screenshots/embedded9.png'></span>
													<span class="td"></span>
												</div>
											</div>
											<div class="st pass test l2" 
												tags=""
												devices="">
												<span class="tt">05.30.2022 18:38:50</span>&nbsp;
												<span class="ts">pass</span>&nbsp;&nbsp;
												<span class="tn">&nbsp;&nbsp;&nbsp;&nbsp;|---[When User enters invalid username and valid password] started</span>
												
												<div class="st pass">
													<span class="tt">05.30.2022 18:38:55</span>&nbsp;
													<span class="ts">pass</span>&nbsp;&nbsp; 
													<span class="tn">&nbsp;&nbsp;&nbsp;&nbsp;|---[When User enters invalid username and valid password]</span>
													
													<span class="td"></span>
												</div>
											</div>
											<div class="st pass test l2" 
												tags=""
												devices="">
												<span class="tt">05.30.2022 18:38:55</span>&nbsp;
												<span class="ts">pass</span>&nbsp;&nbsp;
												<span class="tn">&nbsp;&nbsp;&nbsp;&nbsp;|---[stepdefinition.Hooks.as(io.cucumber.java.Scenario)] started</span>
												
												<div class="st info">
													<span class="tt">05.30.2022 18:38:55</span>&nbsp;
													<span class="ts">info</span>&nbsp;&nbsp; 
													<span class="tn">&nbsp;&nbsp;&nbsp;&nbsp;|---[stepdefinition.Hooks.as(io.cucumber.java.Scenario)]</span>
													<span class="tm"><img class='r-img' onerror='this.style.display="none"' data-featherlight='../screenshots/embedded10.png' src='../screenshots/embedded10.png'></span>
													<span class="td"></span>
												</div>
											</div>
											<div class="st pass test l2" 
												tags=""
												devices="">
												<span class="tt">05.30.2022 18:38:55</span>&nbsp;
												<span class="ts">pass</span>&nbsp;&nbsp;
												<span class="tn">&nbsp;&nbsp;&nbsp;&nbsp;|---[And Clicks on login button] started</span>
												
												<div class="st pass">
													<span class="tt">05.30.2022 18:38:56</span>&nbsp;
													<span class="ts">pass</span>&nbsp;&nbsp; 
													<span class="tn">&nbsp;&nbsp;&nbsp;&nbsp;|---[And Clicks on login button]</span>
													
													<span class="td"></span>
												</div>
											</div>
											<div class="st pass test l2" 
												tags=""
												devices="">
												<span class="tt">05.30.2022 18:38:56</span>&nbsp;
												<span class="ts">pass</span>&nbsp;&nbsp;
												<span class="tn">&nbsp;&nbsp;&nbsp;&nbsp;|---[stepdefinition.Hooks.as(io.cucumber.java.Scenario)] started</span>
												
												<div class="st info">
													<span class="tt">05.30.2022 18:38:56</span>&nbsp;
													<span class="ts">info</span>&nbsp;&nbsp; 
													<span class="tn">&nbsp;&nbsp;&nbsp;&nbsp;|---[stepdefinition.Hooks.as(io.cucumber.java.Scenario)]</span>
													<span class="tm"><img class='r-img' onerror='this.style.display="none"' data-featherlight='../screenshots/embedded11.png' src='../screenshots/embedded11.png'></span>
													<span class="td"></span>
												</div>
											</div>
											<div class="st fail test l2" 
												tags=""
												devices="">
												<span class="tt">05.30.2022 18:38:56</span>&nbsp;
												<span class="ts">fail</span>&nbsp;&nbsp;
												<span class="tn">&nbsp;&nbsp;&nbsp;&nbsp;|---[Then Incorrect User Name validation message should be displayed] started</span>
												
												<div class="st fail">
													<span class="tt">05.30.2022 18:39:57</span>&nbsp;
													<span class="ts">fail</span>&nbsp;&nbsp; 
													<span class="tn">&nbsp;&nbsp;&nbsp;&nbsp;|---[Then Incorrect User Name validation message should be displayed]</span>
													
													<span class="td">threw an exception<br><textarea disabled class="code-block">org.openqa.selenium.NoSuchElementException: no such element: Unable to locate element: {"method":"xpath","selector":"//span[text()='Incorrect User Name / Password combination. Please try again.']"}
  (Session info: chrome=101.0.4951.67)
For documentation on this error, please visit: https://selenium.dev/exceptions/#no_such_element
Build info: version: '4.1.4', revision: '535d840ee2'
System info: host: 'DESKTOP-ED9DCJS', ip: '192.168.1.129', os.name: 'Windows 10', os.arch: 'amd64', os.version: '10.0', java.version: '1.8.0_281'
Driver info: org.openqa.selenium.chrome.ChromeDriver
Command: [384020507d802a8129cd6dae265eba41, findElement {using=xpath, value=//span[text()='Incorrect User Name / Password combination. Please try again.']}]
Capabilities {acceptInsecureCerts: false, browserName: chrome, browserVersion: 101.0.4951.67, chrome: {chromedriverVersion: 101.0.4951.41 (93c720db8323..., userDataDir: C:\Users\CALIBR~1\AppData\L...}, goog:chromeOptions: {debuggerAddress: localhost:50000}, javascriptEnabled: true, networkConnectionEnabled: false, pageLoadStrategy: normal, platform: WINDOWS, platformName: WINDOWS, proxy: Proxy(), se:cdp: ws://localhost:50000/devtoo..., se:cdpVersion: 101.0.4951.67, setWindowRect: true, strictFileInteractability: false, timeouts: {implicit: 0, pageLoad: 300000, script: 30000}, unhandledPromptBehavior: dismiss and notify, webauthn:extension:credBlob: true, webauthn:extension:largeBlob: true, webauthn:virtualAuthenticators: true}
Session ID: 384020507d802a8129cd6dae265eba41
	at sun.reflect.NativeConstructorAccessorImpl.newInstance0(Native Method)
	at sun.reflect.NativeConstructorAccessorImpl.newInstance(NativeConstructorAccessorImpl.java:62)
	at sun.reflect.DelegatingConstructorAccessorImpl.newInstance(DelegatingConstructorAccessorImpl.java:45)
	at java.lang.reflect.Constructor.newInstance(Constructor.java:423)
	at org.openqa.selenium.remote.codec.w3c.W3CHttpResponseCodec.createException(W3CHttpResponseCodec.java:200)
	at org.openqa.selenium.remote.codec.w3c.W3CHttpResponseCodec.decode(W3CHttpResponseCodec.java:133)
	at org.openqa.selenium.remote.codec.w3c.W3CHttpResponseCodec.decode(W3CHttpResponseCodec.java:53)
	at org.openqa.selenium.remote.HttpCommandExecutor.execute(HttpCommandExecutor.java:184)
	at org.openqa.selenium.remote.service.DriverCommandExecutor.invokeExecute(DriverCommandExecutor.java:167)
	at org.openqa.selenium.remote.service.DriverCommandExecutor.execute(DriverCommandExecutor.java:142)
	at org.openqa.selenium.remote.RemoteWebDriver.execute(RemoteWebDriver.java:567)
	at org.openqa.selenium.remote.ElementLocation$ElementFinder$2.findElement(ElementLocation.java:162)
	at org.openqa.selenium.remote.ElementLocation.findElement(ElementLocation.java:60)
	at org.openqa.selenium.remote.RemoteWebDriver.findElement(RemoteWebDriver.java:385)
	at org.openqa.selenium.remote.RemoteWebDriver.findElement(RemoteWebDriver.java:377)
	at pages.LoginPage.incorrectusername(LoginPage.java:94)
	at stepdefinition.LoginSteps.incorrect_user_name_validation_message_should_be_displayed(LoginSteps.java:64)
	at ✽.Incorrect User Name validation message should be displayed(file:///C:/Users/calibrage12/Downloads/com.calibrage.safetychain/com.calibrage.safetychain/features/Link_LoginPage.feature:23)
</textarea></span>
												</div>
											</div>
											<div class="st pass test l2" 
												tags=""
												devices="">
												<span class="tt">05.30.2022 18:39:57</span>&nbsp;
												<span class="ts">pass</span>&nbsp;&nbsp;
												<span class="tn">&nbsp;&nbsp;&nbsp;&nbsp;|---[stepdefinition.Hooks.as(io.cucumber.java.Scenario)] started</span>
												
												<div class="st info">
													<span class="tt">05.30.2022 18:39:57</span>&nbsp;
													<span class="ts">info</span>&nbsp;&nbsp; 
													<span class="tn">&nbsp;&nbsp;&nbsp;&nbsp;|---[stepdefinition.Hooks.as(io.cucumber.java.Scenario)]</span>
													<span class="tm"><img class='r-img' onerror='this.style.display="none"' data-featherlight='../screenshots/embedded12.png' src='../screenshots/embedded12.png'></span>
													<span class="td"></span>
												</div>
											</div>
											<div class="st fail test l1" 
												tags="@FeatureGroup_Requirement @SmokeTest"
												devices="">
												<span class="tt">05.30.2022 18:40:01</span>&nbsp;
												<span class="ts">fail</span>&nbsp;&nbsp;
												<span class="tn">|---[Validate login is unsuccessful with invalid password credentials] started</span>
												<span class="category-list">
													<span class="category badge"><i class="fa fa-tag"></i> @FeatureGroup_Requirement</span>
													<span class="category badge"><i class="fa fa-tag"></i> @SmokeTest</span>
												</span>
												<span class="author-list">
												</span>
												<span class="device-list">
												</span>
												
											</div>
											<div class="st pass test l2" 
												tags=""
												devices="">
												<span class="tt">05.30.2022 18:40:01</span>&nbsp;
												<span class="ts">pass</span>&nbsp;&nbsp;
												<span class="tn">&nbsp;&nbsp;&nbsp;&nbsp;|---[Given User is on login page] started</span>
												
												<div class="st pass">
													<span class="tt">05.30.2022 18:40:03</span>&nbsp;
													<span class="ts">pass</span>&nbsp;&nbsp; 
													<span class="tn">&nbsp;&nbsp;&nbsp;&nbsp;|---[Given User is on login page]</span>
													
													<span class="td"></span>
												</div>
											</div>
											<div class="st pass test l2" 
												tags=""
												devices="">
												<span class="tt">05.30.2022 18:40:03</span>&nbsp;
												<span class="ts">pass</span>&nbsp;&nbsp;
												<span class="tn">&nbsp;&nbsp;&nbsp;&nbsp;|---[stepdefinition.Hooks.as(io.cucumber.java.Scenario)] started</span>
												
												<div class="st info">
													<span class="tt">05.30.2022 18:40:04</span>&nbsp;
													<span class="ts">info</span>&nbsp;&nbsp; 
													<span class="tn">&nbsp;&nbsp;&nbsp;&nbsp;|---[stepdefinition.Hooks.as(io.cucumber.java.Scenario)]</span>
													<span class="tm"><img class='r-img' onerror='this.style.display="none"' data-featherlight='../screenshots/embedded13.png' src='../screenshots/embedded13.png'></span>
													<span class="td"></span>
												</div>
											</div>
											<div class="st pass test l2" 
												tags=""
												devices="">
												<span class="tt">05.30.2022 18:40:04</span>&nbsp;
												<span class="ts">pass</span>&nbsp;&nbsp;
												<span class="tn">&nbsp;&nbsp;&nbsp;&nbsp;|---[When User enters valid username and invalid password] started</span>
												
												<div class="st pass">
													<span class="tt">05.30.2022 18:40:09</span>&nbsp;
													<span class="ts">pass</span>&nbsp;&nbsp; 
													<span class="tn">&nbsp;&nbsp;&nbsp;&nbsp;|---[When User enters valid username and invalid password]</span>
													
													<span class="td"></span>
												</div>
											</div>
											<div class="st pass test l2" 
												tags=""
												devices="">
												<span class="tt">05.30.2022 18:40:09</span>&nbsp;
												<span class="ts">pass</span>&nbsp;&nbsp;
												<span class="tn">&nbsp;&nbsp;&nbsp;&nbsp;|---[stepdefinition.Hooks.as(io.cucumber.java.Scenario)] started</span>
												
												<div class="st info">
													<span class="tt">05.30.2022 18:40:09</span>&nbsp;
													<span class="ts">info</span>&nbsp;&nbsp; 
													<span class="tn">&nbsp;&nbsp;&nbsp;&nbsp;|---[stepdefinition.Hooks.as(io.cucumber.java.Scenario)]</span>
													<span class="tm"><img class='r-img' onerror='this.style.display="none"' data-featherlight='../screenshots/embedded14.png' src='../screenshots/embedded14.png'></span>
													<span class="td"></span>
												</div>
											</div>
											<div class="st pass test l2" 
												tags=""
												devices="">
												<span class="tt">05.30.2022 18:40:09</span>&nbsp;
												<span class="ts">pass</span>&nbsp;&nbsp;
												<span class="tn">&nbsp;&nbsp;&nbsp;&nbsp;|---[And Clicks on login button] started</span>
												
												<div class="st pass">
													<span class="tt">05.30.2022 18:40:10</span>&nbsp;
													<span class="ts">pass</span>&nbsp;&nbsp; 
													<span class="tn">&nbsp;&nbsp;&nbsp;&nbsp;|---[And Clicks on login button]</span>
													
													<span class="td"></span>
												</div>
											</div>
											<div class="st pass test l2" 
												tags=""
												devices="">
												<span class="tt">05.30.2022 18:40:10</span>&nbsp;
												<span class="ts">pass</span>&nbsp;&nbsp;
												<span class="tn">&nbsp;&nbsp;&nbsp;&nbsp;|---[stepdefinition.Hooks.as(io.cucumber.java.Scenario)] started</span>
												
												<div class="st info">
													<span class="tt">05.30.2022 18:40:10</span>&nbsp;
													<span class="ts">info</span>&nbsp;&nbsp; 
													<span class="tn">&nbsp;&nbsp;&nbsp;&nbsp;|---[stepdefinition.Hooks.as(io.cucumber.java.Scenario)]</span>
													<span class="tm"><img class='r-img' onerror='this.style.display="none"' data-featherlight='../screenshots/embedded15.png' src='../screenshots/embedded15.png'></span>
													<span class="td"></span>
												</div>
											</div>
											<div class="st fail test l2" 
												tags=""
												devices="">
												<span class="tt">05.30.2022 18:40:10</span>&nbsp;
												<span class="ts">fail</span>&nbsp;&nbsp;
												<span class="tn">&nbsp;&nbsp;&nbsp;&nbsp;|---[Then Incorrect Password validation message should be displayed] started</span>
												
												<div class="st fail">
													<span class="tt">05.30.2022 18:41:11</span>&nbsp;
													<span class="ts">fail</span>&nbsp;&nbsp; 
													<span class="tn">&nbsp;&nbsp;&nbsp;&nbsp;|---[Then Incorrect Password validation message should be displayed]</span>
													
													<span class="td">threw an exception<br><textarea disabled class="code-block">org.openqa.selenium.NoSuchElementException: no such element: Unable to locate element: {"method":"xpath","selector":"//span[text()='Incorrect User Name / Password combination. Your account will be locked after 9 more invalid login attempt(s).']"}
  (Session info: chrome=101.0.4951.67)
For documentation on this error, please visit: https://selenium.dev/exceptions/#no_such_element
Build info: version: '4.1.4', revision: '535d840ee2'
System info: host: 'DESKTOP-ED9DCJS', ip: '192.168.1.129', os.name: 'Windows 10', os.arch: 'amd64', os.version: '10.0', java.version: '1.8.0_281'
Driver info: org.openqa.selenium.chrome.ChromeDriver
Command: [4a815902f7822b844ef1442c29295980, findElement {using=xpath, value=//span[text()='Incorrect User Name / Password combination. Your account will be locked after 9 more invalid login attempt(s).']}]
Capabilities {acceptInsecureCerts: false, browserName: chrome, browserVersion: 101.0.4951.67, chrome: {chromedriverVersion: 101.0.4951.41 (93c720db8323..., userDataDir: C:\Users\CALIBR~1\AppData\L...}, goog:chromeOptions: {debuggerAddress: localhost:55508}, javascriptEnabled: true, networkConnectionEnabled: false, pageLoadStrategy: normal, platform: WINDOWS, platformName: WINDOWS, proxy: Proxy(), se:cdp: ws://localhost:55508/devtoo..., se:cdpVersion: 101.0.4951.67, setWindowRect: true, strictFileInteractability: false, timeouts: {implicit: 0, pageLoad: 300000, script: 30000}, unhandledPromptBehavior: dismiss and notify, webauthn:extension:credBlob: true, webauthn:extension:largeBlob: true, webauthn:virtualAuthenticators: true}
Session ID: 4a815902f7822b844ef1442c29295980
	at sun.reflect.NativeConstructorAccessorImpl.newInstance0(Native Method)
	at sun.reflect.NativeConstructorAccessorImpl.newInstance(NativeConstructorAccessorImpl.java:62)
	at sun.reflect.DelegatingConstructorAccessorImpl.newInstance(DelegatingConstructorAccessorImpl.java:45)
	at java.lang.reflect.Constructor.newInstance(Constructor.java:423)
	at org.openqa.selenium.remote.codec.w3c.W3CHttpResponseCodec.createException(W3CHttpResponseCodec.java:200)
	at org.openqa.selenium.remote.codec.w3c.W3CHttpResponseCodec.decode(W3CHttpResponseCodec.java:133)
	at org.openqa.selenium.remote.codec.w3c.W3CHttpResponseCodec.decode(W3CHttpResponseCodec.java:53)
	at org.openqa.selenium.remote.HttpCommandExecutor.execute(HttpCommandExecutor.java:184)
	at org.openqa.selenium.remote.service.DriverCommandExecutor.invokeExecute(DriverCommandExecutor.java:167)
	at org.openqa.selenium.remote.service.DriverCommandExecutor.execute(DriverCommandExecutor.java:142)
	at org.openqa.selenium.remote.RemoteWebDriver.execute(RemoteWebDriver.java:567)
	at org.openqa.selenium.remote.ElementLocation$ElementFinder$2.findElement(ElementLocation.java:162)
	at org.openqa.selenium.remote.ElementLocation.findElement(ElementLocation.java:60)
	at org.openqa.selenium.remote.RemoteWebDriver.findElement(RemoteWebDriver.java:385)
	at org.openqa.selenium.remote.RemoteWebDriver.findElement(RemoteWebDriver.java:377)
	at pages.LoginPage.incorrectpassword(LoginPage.java:88)
	at stepdefinition.LoginSteps.incorrect_password_validation_message_should_be_displayed(LoginSteps.java:69)
	at ✽.Incorrect Password validation message should be displayed(file:///C:/Users/calibrage12/Downloads/com.calibrage.safetychain/com.calibrage.safetychain/features/Link_LoginPage.feature:30)
</textarea></span>
												</div>
											</div>
											<div class="st pass test l2" 
												tags=""
												devices="">
												<span class="tt">05.30.2022 18:41:11</span>&nbsp;
												<span class="ts">pass</span>&nbsp;&nbsp;
												<span class="tn">&nbsp;&nbsp;&nbsp;&nbsp;|---[stepdefinition.Hooks.as(io.cucumber.java.Scenario)] started</span>
												
												<div class="st info">
													<span class="tt">05.30.2022 18:41:11</span>&nbsp;
													<span class="ts">info</span>&nbsp;&nbsp; 
													<span class="tn">&nbsp;&nbsp;&nbsp;&nbsp;|---[stepdefinition.Hooks.as(io.cucumber.java.Scenario)]</span>
													<span class="tm"><img class='r-img' onerror='this.style.display="none"' data-featherlight='../screenshots/embedded16.png' src='../screenshots/embedded16.png'></span>
													<span class="td"></span>
												</div>
											</div>
											<div class="st pass test l1" 
												tags="@FeatureGroup_Requirement @SmokeTest"
												devices="">
												<span class="tt">05.30.2022 18:41:15</span>&nbsp;
												<span class="ts">pass</span>&nbsp;&nbsp;
												<span class="tn">|---[Validate passwordhelp link in login page] started</span>
												<span class="category-list">
													<span class="category badge"><i class="fa fa-tag"></i> @FeatureGroup_Requirement</span>
													<span class="category badge"><i class="fa fa-tag"></i> @SmokeTest</span>
												</span>
												<span class="author-list">
												</span>
												<span class="device-list">
												</span>
												
											</div>
											<div class="st pass test l2" 
												tags=""
												devices="">
												<span class="tt">05.30.2022 18:41:15</span>&nbsp;
												<span class="ts">pass</span>&nbsp;&nbsp;
												<span class="tn">&nbsp;&nbsp;&nbsp;&nbsp;|---[Given User is on Safetychain Login page] started</span>
												
												<div class="st pass">
													<span class="tt">05.30.2022 18:41:18</span>&nbsp;
													<span class="ts">pass</span>&nbsp;&nbsp; 
													<span class="tn">&nbsp;&nbsp;&nbsp;&nbsp;|---[Given User is on Safetychain Login page]</span>
													
													<span class="td"></span>
												</div>
											</div>
											<div class="st pass test l2" 
												tags=""
												devices="">
												<span class="tt">05.30.2022 18:41:18</span>&nbsp;
												<span class="ts">pass</span>&nbsp;&nbsp;
												<span class="tn">&nbsp;&nbsp;&nbsp;&nbsp;|---[stepdefinition.Hooks.as(io.cucumber.java.Scenario)] started</span>
												
												<div class="st info">
													<span class="tt">05.30.2022 18:41:18</span>&nbsp;
													<span class="ts">info</span>&nbsp;&nbsp; 
													<span class="tn">&nbsp;&nbsp;&nbsp;&nbsp;|---[stepdefinition.Hooks.as(io.cucumber.java.Scenario)]</span>
													<span class="tm"><img class='r-img' onerror='this.style.display="none"' data-featherlight='../screenshots/embedded17.png' src='../screenshots/embedded17.png'></span>
													<span class="td"></span>
												</div>
											</div>
											<div class="st pass test l2" 
												tags=""
												devices="">
												<span class="tt">05.30.2022 18:41:18</span>&nbsp;
												<span class="ts">pass</span>&nbsp;&nbsp;
												<span class="tn">&nbsp;&nbsp;&nbsp;&nbsp;|---[When User clicks on passwordhelp link] started</span>
												
												<div class="st pass">
													<span class="tt">05.30.2022 18:41:44</span>&nbsp;
													<span class="ts">pass</span>&nbsp;&nbsp; 
													<span class="tn">&nbsp;&nbsp;&nbsp;&nbsp;|---[When User clicks on passwordhelp link]</span>
													
													<span class="td"></span>
												</div>
											</div>
											<div class="st pass test l2" 
												tags=""
												devices="">
												<span class="tt">05.30.2022 18:41:44</span>&nbsp;
												<span class="ts">pass</span>&nbsp;&nbsp;
												<span class="tn">&nbsp;&nbsp;&nbsp;&nbsp;|---[stepdefinition.Hooks.as(io.cucumber.java.Scenario)] started</span>
												
												<div class="st info">
													<span class="tt">05.30.2022 18:41:44</span>&nbsp;
													<span class="ts">info</span>&nbsp;&nbsp; 
													<span class="tn">&nbsp;&nbsp;&nbsp;&nbsp;|---[stepdefinition.Hooks.as(io.cucumber.java.Scenario)]</span>
													<span class="tm"><img class='r-img' onerror='this.style.display="none"' data-featherlight='../screenshots/embedded18.png' src='../screenshots/embedded18.png'></span>
													<span class="td"></span>
												</div>
											</div>
											<div class="st pass test l2" 
												tags=""
												devices="">
												<span class="tt">05.30.2022 18:41:44</span>&nbsp;
												<span class="ts">pass</span>&nbsp;&nbsp;
												<span class="tn">&nbsp;&nbsp;&nbsp;&nbsp;|---[Then User navigated to the Password Help page] started</span>
												
												<div class="st pass">
													<span class="tt">05.30.2022 18:42:02</span>&nbsp;
													<span class="ts">pass</span>&nbsp;&nbsp; 
													<span class="tn">&nbsp;&nbsp;&nbsp;&nbsp;|---[Then User navigated to the Password Help page]</span>
													
													<span class="td"></span>
												</div>
											</div>
											<div class="st pass test l2" 
												tags=""
												devices="">
												<span class="tt">05.30.2022 18:42:02</span>&nbsp;
												<span class="ts">pass</span>&nbsp;&nbsp;
												<span class="tn">&nbsp;&nbsp;&nbsp;&nbsp;|---[stepdefinition.Hooks.as(io.cucumber.java.Scenario)] started</span>
												
												<div class="st info">
													<span class="tt">05.30.2022 18:42:03</span>&nbsp;
													<span class="ts">info</span>&nbsp;&nbsp; 
													<span class="tn">&nbsp;&nbsp;&nbsp;&nbsp;|---[stepdefinition.Hooks.as(io.cucumber.java.Scenario)]</span>
													<span class="tm"><img class='r-img' onerror='this.style.display="none"' data-featherlight='../screenshots/embedded19.png' src='../screenshots/embedded19.png'></span>
													<span class="td"></span>
												</div>
											</div>
											</div>
									</div>
								</div>
							</div>
						</div>
					</div>
				</div>
			</div>
		</div>
		<script src="https://cdn.jsdelivr.net/gh/extent-framework/extent-github-cdn@832f979664f9d68bf618db3ac87498ac6c1a6390/logger/js/logger-scripts.js"></script>
	</body>
</html>
