<?xml version="1.0" encoding="UTF-8" standalone="no"?>
<testsuite errors="0" failures="0" name="io.cucumber.core.plugin.JUnitFormatter" skipped="0" tests="1" time="72.781">
<testcase classname="feature to test Records SignOff in Link" name="Validate Records in card view" time="72.552">
<system-out><![CDATA[Given User is on login page.................................................passed
When User enters username and password......................................passed
And Clicks on login button..................................................passed
Then User navigated to the home page........................................passed
And User click on Link under Hamburger icon in webpage......................passed
And User click on Record Under Hamburger in Link HomePage...................passed
Then User click on Three months under Record Page...........................passed
Then User click on click on Card view button................................passed
And User click on expand icon in the Card...................................passed
Then User click on click on Record Id link..................................passed
]]></system-out>
</testcase>
</testsuite>
