









<!DOCTYPE html>
<html>
<head>
	<meta charset='utf-8' /> 
	<meta name='description' content='' />
	<meta name='robots' content='noodp, noydir' />
	<meta name='viewport' content='width=device-width, initial-scale=1' />
	<meta id="timeStampFormat" name="timeStampFormat" content='MMM d, yyyy hh:mm:ss a'/>
	
        <link href='https://fonts.googleapis.com/css?family=Source+Sans+Pro:400,600' rel='stylesheet' type='text/css' />
        <link href="https://fonts.googleapis.com/icon?family=Material+Icons" rel="stylesheet" />
        <link href='https://cdn.jsdelivr.net/gh/extent-framework/extent-github-cdn@ff53917fbbdb5ef820abbbe4d199a6942dc771ff/v3html/css/extent.css' type='text/css' rel='stylesheet' />
	
	<title>ExtentReports</title>

	<style type='text/css'>
		/* json-tree */
		.jstBracket,.jstComma,.jstValue{white-space:pre-wrap}.jstValue{font-size:10px;font-weight:400;font-family:"Lucida Console",Monaco,monospace}.jstProperty{color:#666;word-wrap:break-word}.jstBool{color:#2525CC}.jstNum{color:#D036D0}.jstNull{color:gray}.jstStr{color:#2DB669}.jstFold:after{content:' -';cursor:pointer}.jstExpand{white-space:normal}.jstExpand:after{content:' +';cursor:pointer}.jstFolded{white-space:normal!important}.jstHiddenBlock{display:none}
	</style>
	
	<script type="text/javascript">
		/*! json-tree - v0.2.2 - 2017-09-25, MIT LICENSE */
		var JSONTree=function(){var n={"&":"&amp;","<":"&lt;",">":"&gt;",'"':"&quot;","'":"&#x27;","/":"&#x2F;"},t=0,r=0;this.create=function(n,t){return r+=1,N(u(n,0,!1),{class:"jstValue"})};var e=function(t){return t.replace(/[&<>'"]/g,function(t){return n[t]})},s=function(){return r+"_"+t++},u=function(n,t,r){if(null===n)return f(r?t:0);switch(typeof n){case"boolean":return l(n,r?t:0);case"number":return i(n,r?t:0);case"string":return o(n,r?t:0);default:return n instanceof Array?a(n,t,r):c(n,t,r)}},c=function(n,t,r){var e=s(),u=Object.keys(n).map(function(r){return j(r,n[r],t+1,!0)}).join(m()),c=[g("{",r?t:0,e),N(u,{id:e}),p("}",t)].join("\n");return N(c,{})},a=function(n,t,r){var e=s(),c=n.map(function(n){return u(n,t+1,!0)}).join(m());return[g("[",r?t:0,e),N(c,{id:e}),p("]",t)].join("\n")},o=function(n,t){var r=e(JSON.stringify(n));return N(v(r,t),{class:"jstStr"})},i=function(n,t){return N(v(n,t),{class:"jstNum"})},l=function(n,t){return N(v(n,t),{class:"jstBool"})},f=function(n){return N(v("null",n),{class:"jstNull"})},j=function(n,t,r){var s=v(e(JSON.stringify(n))+": ",r),c=N(u(t,r,!1),{});return N(s+c,{class:"jstProperty"})},m=function(){return N(",\n",{class:"jstComma"})},N=function(n,t){return d("span",t,n)},d=function(n,t,r){return"<"+n+Object.keys(t).map(function(n){return" "+n+'="'+t[n]+'"'}).join("")+">"+r+"</"+n+">"},g=function(n,t,r){return N(v(n,t),{class:"jstBracket"})+N("",{class:"jstFold",onclick:"JSONTree.toggle('"+r+"')"})};this.toggle=function(n){var t=document.getElementById(n),r=t.parentNode,e=t.previousElementSibling;""===t.className?(t.className="jstHiddenBlock",r.className="jstFolded",e.className="jstExpand"):(t.className="",r.className="",e.className="jstFold")};var p=function(n,t){return N(v(n,t),{})},v=function(n,t){return Array(2*t+1).join(" ")+n};return this}();
	</script>
</head>
	<body class='extent standard default hide-overflow bdd-report'>
		<div id='theme-selector' alt='Click to toggle theme. To enable by default, use theme configuration.' title='Click to toggle theme. To enable by default, use theme configuration.'>
			<span><i class='material-icons'>desktop_windows</i></span>
		</div>
<nav>
	<div class="nav-wrapper">
		<a href="#!" class="brand-logo black"><img src="https://cdn.rawgit.com/extent-framework/extent-github-cdn/d74480e/commons/img/logo.png"></a>
		<!-- slideout menu -->
		<ul id='slide-out' class='side-nav fixed hide-on-med-and-down'>
			<li class='waves-effect active'><a href='#!' view='test-view' onclick="configureView(0);chartsView('test');"><i class='material-icons'>dashboard</i></a></li>
						<li class='waves-effect'><a href='#!' view='category-view' onclick="configureView(1)"><i class='material-icons'>label_outline</i></a></li>
			<li class='waves-effect'><a href='#!' view='exception-view' onclick="configureView(2)"><i class='material-icons'>bug_report</i></a></li>
			<li class='waves-effect'><a href='#!' onclick="configureView(-1);chartsView('dashboard');" view='dashboard-view'><i class='material-icons'>track_changes</i></a></li>
		</ul>
		<!-- report name -->
		<span class='report-name'>ExtentReports</span>
		<!-- report headline -->
		<span class='report-headline'></span>
		<!-- nav-right -->
		<ul id='nav-mobile' class='right hide-on-med-and-down nav-right'>
			<a href='#!'>
			<span class='label blue darken-3 suite-start-time'>May 30, 2022 06:38:05 PM</span>
			</a>
		</ul>
	</div>
</nav>		<!-- container -->
		<div class='container'>
<div id='test-view' class='view'>
	<section id='controls'>
		<div class='controls grey lighten-4'>
			<!-- test toggle -->
			<div class='chip transparent'>
				<a class='dropdown-button tests-toggle' data-activates='tests-toggle' data-constrainwidth='true' data-beloworigin='true' data-hover='true' href='#'>
				<i class='material-icons'>warning</i> Status
				</a>
				<ul id='tests-toggle' class='dropdown-content'>
										<li status='pass'><a href='#!'>Pass <i class='material-icons green-text'>check_circle</i></a></li>
					<li status='fail'><a href='#!'>Fail <i class='material-icons red-text'>cancel</i></a></li>
					<li class='divider'></li>
					<li status='clear' clear='true'><a href='#!'>Clear Filters <i class='material-icons'>clear</i></a></li>
				</ul>
			</div>
			<!-- test toggle -->
			<!-- category toggle -->
			<div class='chip transparent'>
				<a class='dropdown-button category-toggle' data-activates='category-toggle' data-constrainwidth='false' data-beloworigin='true' data-hover='true' href='#'>
				<i class='material-icons'>local_offer</i> Category
				</a>
				<ul id='category-toggle' class='dropdown-content'>
					<li><a href='#'>@FeatureGroup_Requirement</a></li>
					<li><a href='#'>@SmokeTest</a></li>
					<li class='divider'></li>
					<li class='clear'><a href='#!' clear='true'>Clear Filters</a></li>
				</ul>
			</div>
			<!-- category toggle -->
			<!-- clear filters -->
			<div class='chip transparent hide'>
				<a class='' id='clear-filters' alt='Clear Filters' title='Clear Filters'>
				<i class='material-icons'>close</i> Clear
				</a>
			</div>
			<!-- clear filters -->
			<!-- enable dashboard -->
			<div id='toggle-test-view-charts' class='chip transparent'>
				<a class='pink-text' id='enable-dashboard' alt='Enable Dashboard' title='Enable Dashboard'>
				<i class='material-icons'>track_changes</i> Dashboard
				</a>
			</div>
			<!-- enable dashboard -->
			<!-- search -->
			<div class='chip transparent' alt='Search Tests' title='Search Tests'>
				<a href="#" class='search-div'>
				<i class='material-icons'>search</i> Search
				</a>
				<div class='input-field left hide'>
					<input id='search-tests' type='text' class='validate browser-default' placeholder='Search Tests...'>
				</div>
			</div>
			<!-- search -->
		</div>
	</section>
<div id='test-view-charts' class='subview-full'>
    <div id='charts-row' class='row nm-v nm-h'>
        <div class='col s12 m4 l4 np-h'>
            <div class='card-panel nm-v'>
                <div class='left panel-name'>Features</div>
                <div class='chart-box' style="max-height:94px;">
                    <canvas id='parent-analysis' width='90' height='70'></canvas>
                </div>
                <div class='block text-small'>
                    <span class='tooltipped' data-position='top' data-tooltip='0%'><span class='strong'>0</span> feature(s) passed</span>
                </div>
                <div class='block text-small'>
                    <span class='strong tooltipped' data-position='top' data-tooltip='100%'>1</span> feature(s) failed, <span class='strong tooltipped' data-position='top' data-tooltip='0%'>0</span> skipped
                </div>
            </div>
        </div>
        <div class='col s12 m4 l4 np-h'>
            <div class='card-panel nm-v'>
                <div class='left panel-name'>Scenarios</div>
                <div class='chart-box' style="max-height:94px;">
                    <canvas id='child-analysis' width='90' height='70'></canvas>
                </div>
                <div class='block text-small'>
                    <span class='tooltipped' data-position='top' data-tooltip='60%'><span class='strong'>3</span> scenario(s) passed</span>
                </div>
                <div class='block text-small'>
                    <span class='strong tooltipped' data-position='top' data-tooltip='40%'>2</span> scenario(s) failed, 
                    <span class='strong tooltipped' data-position='top' data-tooltip='0%'>0</span> skipped, 
                    <span class='strong tooltipped' data-position='top' data-tooltip='0%'>0</span> others
                </div>
            </div>
        </div>
        <div class='col s12 m4 l4 np-h'>
            <div class='card-panel nm-v'>
                <div class='left panel-name'>Steps</div>
                <div class='chart-box' style="max-height:94px;">
                    <canvas id='grandchild-analysis' width='90' height='70'></canvas>
                </div>
                <div class='block text-small'>
                    <span class='tooltipped' data-position='top' data-tooltip='94.737%'><span class='strong'>36</span> step(s) passed</span>
                </div>
                <div class='block text-small'>
                    <span class='strong tooltipped' data-position='top' data-tooltip='5.263%'>2</span> scenario(s) failed, 
                    <span class='strong tooltipped' data-position='top' data-tooltip='0%'>0</span> skipped, 
                    <span class='strong tooltipped' data-position='top' data-tooltip='0%'>0</span> others
                </div>
            </div>
        </div>
    </div>
    <div id="timeline-chart" class="row nm-v nm-h">
        <div class="col s12 m12 l12 np-h">
            <div class="card-panel">
                <div class='left panel-name'>Timeline (seconds)</div>
                <div class="chart-box" style="width:98%;max-height:145px;">
                    <canvas id="timeline" height="120"></canvas>
                </div>
            </div>
        </div>
    </div>
</div>	<div class='subview-left left'>
		<div class='view-summary'>
			<ul id='test-collection' class='test-collection'>
				<li class='test displayed active has-leaf fail' status='fail' bdd='true' test-id='1'>
					<div class='test-heading'>
						<span class='test-name'>feature to test login functionality</span>
						<span class='test-time'>May 30, 2022 06:38:10 PM</span>
						<span class='test-status right fail'>fail</span>
					</div>
					<div class='test-content hide'>
<div class="sr-filters bdd-filters">
	<a class="btn-floating waves-effect waves-light pass green" title="pass"><i class='material-icons'>check_circle</i></a>
	<a class="btn-floating waves-effect waves-light fail red" title="fail"><i class='material-icons'>cancel</i></a>
	<a class="btn-floating waves-effect waves-light skip blue" title="skip"><i class='material-icons'>redo</i></a>
	<a class="btn-floating waves-effect waves-light clear grey" title="clear"><i class='material-icons'>clear</i></a>
</div>
<div class='scenario node' test-id='2' status='pass'>
	<div class='category-list'>
		<span class='category label'>@FeatureGroup_Requirement</span>
		<span class='category label'>@SmokeTest</span>
	</div>
	<span class='duration right label'>0h 0m 21s+860ms</span>
	<div class="bdd-test">
		<div class="scenario-name"><span class='status pass' title='pass'><i class='material-icons'>check_circle</i></span> Scenario: Validate login is successful with valid credentials</div>
	</div>
	<ul class='steps'>
		<li test-id='4' class='node given pass' status='pass'>
			<div class="step-name" title="stepdefinition.LoginSteps.user_is_on_login_page()"><span class='status pass' title='pass'><i class='material-icons'>check_circle</i></span>Given User is on login page</div>
			<div class="node-step"></div>
		</li>
		<li test-id='5' class='node * pass' status='pass'>
			<div class="step-name" title=""><span class='status pass' title='pass'><i class='material-icons'>check_circle</i></span>stepdefinition.Hooks.as(io.cucumber.java.Scenario)</div>
			<ul class='screenshots right'>
				<li><a data-featherlight="image" href="../screenshots/embedded1.png"><i class='material-icons'>panorama</i></a></li>
			</ul>
			<div class="node-step"></div>
		</li>
		<li test-id='6' class='node when pass' status='pass'>
			<div class="step-name" title="stepdefinition.LoginSteps.user_enters_username_and_password()"><span class='status pass' title='pass'><i class='material-icons'>check_circle</i></span>When User enters username and password</div>
			<div class="node-step"></div>
		</li>
		<li test-id='7' class='node * pass' status='pass'>
			<div class="step-name" title=""><span class='status pass' title='pass'><i class='material-icons'>check_circle</i></span>stepdefinition.Hooks.as(io.cucumber.java.Scenario)</div>
			<ul class='screenshots right'>
				<li><a data-featherlight="image" href="../screenshots/embedded2.png"><i class='material-icons'>panorama</i></a></li>
			</ul>
			<div class="node-step"></div>
		</li>
		<li test-id='8' class='node and pass' status='pass'>
			<div class="step-name" title="stepdefinition.LoginSteps.clicks_on_login_button()"><span class='status pass' title='pass'><i class='material-icons'>check_circle</i></span>And Clicks on login button</div>
			<div class="node-step"></div>
		</li>
		<li test-id='9' class='node * pass' status='pass'>
			<div class="step-name" title=""><span class='status pass' title='pass'><i class='material-icons'>check_circle</i></span>stepdefinition.Hooks.as(io.cucumber.java.Scenario)</div>
			<ul class='screenshots right'>
				<li><a data-featherlight="image" href="../screenshots/embedded3.png"><i class='material-icons'>panorama</i></a></li>
			</ul>
			<div class="node-step"></div>
		</li>
		<li test-id='10' class='node then pass' status='pass'>
			<div class="step-name" title="stepdefinition.LoginSteps.user_navigated_to_the_home_page()"><span class='status pass' title='pass'><i class='material-icons'>check_circle</i></span>Then User navigated to the home page</div>
			<div class="node-step"></div>
		</li>
		<li test-id='11' class='node * pass' status='pass'>
			<div class="step-name" title=""><span class='status pass' title='pass'><i class='material-icons'>check_circle</i></span>stepdefinition.Hooks.as(io.cucumber.java.Scenario)</div>
			<ul class='screenshots right'>
				<li><a data-featherlight="image" href="../screenshots/embedded4.png"><i class='material-icons'>panorama</i></a></li>
			</ul>
			<div class="node-step"></div>
		</li>
	</ul>
</div>
<div class='scenario node' test-id='13' status='pass'>
	<div class='category-list'>
		<span class='category label'>@FeatureGroup_Requirement</span>
		<span class='category label'>@SmokeTest</span>
	</div>
	<span class='duration right label'>0h 0m 7s+625ms</span>
	<div class="bdd-test">
		<div class="scenario-name"><span class='status pass' title='pass'><i class='material-icons'>check_circle</i></span> Scenario: Validate login functionality without user credentials</div>
	</div>
	<ul class='steps'>
		<li test-id='15' class='node given pass' status='pass'>
			<div class="step-name" title="stepdefinition.LoginSteps.user_is_on_safetychain_login_page()"><span class='status pass' title='pass'><i class='material-icons'>check_circle</i></span>Given User is on Safetychain Login page</div>
			<div class="node-step"></div>
		</li>
		<li test-id='16' class='node * pass' status='pass'>
			<div class="step-name" title=""><span class='status pass' title='pass'><i class='material-icons'>check_circle</i></span>stepdefinition.Hooks.as(io.cucumber.java.Scenario)</div>
			<ul class='screenshots right'>
				<li><a data-featherlight="image" href="../screenshots/embedded5.png"><i class='material-icons'>panorama</i></a></li>
			</ul>
			<div class="node-step"></div>
		</li>
		<li test-id='17' class='node when pass' status='pass'>
			<div class="step-name" title="stepdefinition.LoginSteps.user_without_enters_username_and_password()"><span class='status pass' title='pass'><i class='material-icons'>check_circle</i></span>When User without enters username and password</div>
			<div class="node-step"></div>
		</li>
		<li test-id='18' class='node * pass' status='pass'>
			<div class="step-name" title=""><span class='status pass' title='pass'><i class='material-icons'>check_circle</i></span>stepdefinition.Hooks.as(io.cucumber.java.Scenario)</div>
			<ul class='screenshots right'>
				<li><a data-featherlight="image" href="../screenshots/embedded6.png"><i class='material-icons'>panorama</i></a></li>
			</ul>
			<div class="node-step"></div>
		</li>
		<li test-id='19' class='node and pass' status='pass'>
			<div class="step-name" title="stepdefinition.LoginSteps.user_clicks_on_login_button()"><span class='status pass' title='pass'><i class='material-icons'>check_circle</i></span>And User clicks on login button</div>
			<div class="node-step"></div>
		</li>
		<li test-id='20' class='node * pass' status='pass'>
			<div class="step-name" title=""><span class='status pass' title='pass'><i class='material-icons'>check_circle</i></span>stepdefinition.Hooks.as(io.cucumber.java.Scenario)</div>
			<ul class='screenshots right'>
				<li><a data-featherlight="image" href="../screenshots/embedded7.png"><i class='material-icons'>panorama</i></a></li>
			</ul>
			<div class="node-step"></div>
		</li>
		<li test-id='21' class='node then pass' status='pass'>
			<div class="step-name" title="stepdefinition.LoginSteps.validation_message_should_be_displayed()"><span class='status pass' title='pass'><i class='material-icons'>check_circle</i></span>Then validation message should be displayed</div>
			<div class="node-step"></div>
		</li>
		<li test-id='22' class='node * pass' status='pass'>
			<div class="step-name" title=""><span class='status pass' title='pass'><i class='material-icons'>check_circle</i></span>stepdefinition.Hooks.as(io.cucumber.java.Scenario)</div>
			<ul class='screenshots right'>
				<li><a data-featherlight="image" href="../screenshots/embedded8.png"><i class='material-icons'>panorama</i></a></li>
			</ul>
			<div class="node-step"></div>
		</li>
	</ul>
</div>
<div class='scenario node' test-id='24' status='fail'>
	<div class='category-list'>
		<span class='category label'>@FeatureGroup_Requirement</span>
		<span class='category label'>@SmokeTest</span>
	</div>
	<span class='duration right label'>0h 1m 10s+207ms</span>
	<div class="bdd-test">
		<div class="scenario-name"><span class='status fail' title='fail'><i class='material-icons'>cancel</i></span> Scenario: Validate login is unsuccessful with invalid username credentials</div>
	</div>
	<ul class='steps'>
		<li test-id='26' class='node given pass' status='pass'>
			<div class="step-name" title="stepdefinition.LoginSteps.user_is_on_login_page()"><span class='status pass' title='pass'><i class='material-icons'>check_circle</i></span>Given User is on login page</div>
			<div class="node-step"></div>
		</li>
		<li test-id='27' class='node * pass' status='pass'>
			<div class="step-name" title=""><span class='status pass' title='pass'><i class='material-icons'>check_circle</i></span>stepdefinition.Hooks.as(io.cucumber.java.Scenario)</div>
			<ul class='screenshots right'>
				<li><a data-featherlight="image" href="../screenshots/embedded9.png"><i class='material-icons'>panorama</i></a></li>
			</ul>
			<div class="node-step"></div>
		</li>
		<li test-id='28' class='node when pass' status='pass'>
			<div class="step-name" title="stepdefinition.LoginSteps.user_enters_invalid_username_and_valid_password()"><span class='status pass' title='pass'><i class='material-icons'>check_circle</i></span>When User enters invalid username and valid password</div>
			<div class="node-step"></div>
		</li>
		<li test-id='29' class='node * pass' status='pass'>
			<div class="step-name" title=""><span class='status pass' title='pass'><i class='material-icons'>check_circle</i></span>stepdefinition.Hooks.as(io.cucumber.java.Scenario)</div>
			<ul class='screenshots right'>
				<li><a data-featherlight="image" href="../screenshots/embedded10.png"><i class='material-icons'>panorama</i></a></li>
			</ul>
			<div class="node-step"></div>
		</li>
		<li test-id='30' class='node and pass' status='pass'>
			<div class="step-name" title="stepdefinition.LoginSteps.clicks_on_login_button()"><span class='status pass' title='pass'><i class='material-icons'>check_circle</i></span>And Clicks on login button</div>
			<div class="node-step"></div>
		</li>
		<li test-id='31' class='node * pass' status='pass'>
			<div class="step-name" title=""><span class='status pass' title='pass'><i class='material-icons'>check_circle</i></span>stepdefinition.Hooks.as(io.cucumber.java.Scenario)</div>
			<ul class='screenshots right'>
				<li><a data-featherlight="image" href="../screenshots/embedded11.png"><i class='material-icons'>panorama</i></a></li>
			</ul>
			<div class="node-step"></div>
		</li>
		<li test-id='32' class='node then fail' status='fail'>
			<div class="step-name" title="stepdefinition.LoginSteps.incorrect_user_name_validation_message_should_be_displayed()"><span class='status fail' title='fail'><i class='material-icons'>cancel</i></span>Then Incorrect User Name validation message should be displayed</div>
			<textarea disabled class="code-block">org.openqa.selenium.NoSuchElementException: no such element: Unable to locate element: {"method":"xpath","selector":"//span[text()='Incorrect User Name / Password combination. Please try again.']"}
  (Session info: chrome=101.0.4951.67)
For documentation on this error, please visit: https://selenium.dev/exceptions/#no_such_element
Build info: version: '4.1.4', revision: '535d840ee2'
System info: host: 'DESKTOP-ED9DCJS', ip: '192.168.1.129', os.name: 'Windows 10', os.arch: 'amd64', os.version: '10.0', java.version: '1.8.0_281'
Driver info: org.openqa.selenium.chrome.ChromeDriver
Command: [384020507d802a8129cd6dae265eba41, findElement {using=xpath, value=//span[text()='Incorrect User Name / Password combination. Please try again.']}]
Capabilities {acceptInsecureCerts: false, browserName: chrome, browserVersion: 101.0.4951.67, chrome: {chromedriverVersion: 101.0.4951.41 (93c720db8323..., userDataDir: C:\Users\CALIBR~1\AppData\L...}, goog:chromeOptions: {debuggerAddress: localhost:50000}, javascriptEnabled: true, networkConnectionEnabled: false, pageLoadStrategy: normal, platform: WINDOWS, platformName: WINDOWS, proxy: Proxy(), se:cdp: ws://localhost:50000/devtoo..., se:cdpVersion: 101.0.4951.67, setWindowRect: true, strictFileInteractability: false, timeouts: {implicit: 0, pageLoad: 300000, script: 30000}, unhandledPromptBehavior: dismiss and notify, webauthn:extension:credBlob: true, webauthn:extension:largeBlob: true, webauthn:virtualAuthenticators: true}
Session ID: 384020507d802a8129cd6dae265eba41
	at sun.reflect.NativeConstructorAccessorImpl.newInstance0(Native Method)
	at sun.reflect.NativeConstructorAccessorImpl.newInstance(NativeConstructorAccessorImpl.java:62)
	at sun.reflect.DelegatingConstructorAccessorImpl.newInstance(DelegatingConstructorAccessorImpl.java:45)
	at java.lang.reflect.Constructor.newInstance(Constructor.java:423)
	at org.openqa.selenium.remote.codec.w3c.W3CHttpResponseCodec.createException(W3CHttpResponseCodec.java:200)
	at org.openqa.selenium.remote.codec.w3c.W3CHttpResponseCodec.decode(W3CHttpResponseCodec.java:133)
	at org.openqa.selenium.remote.codec.w3c.W3CHttpResponseCodec.decode(W3CHttpResponseCodec.java:53)
	at org.openqa.selenium.remote.HttpCommandExecutor.execute(HttpCommandExecutor.java:184)
	at org.openqa.selenium.remote.service.DriverCommandExecutor.invokeExecute(DriverCommandExecutor.java:167)
	at org.openqa.selenium.remote.service.DriverCommandExecutor.execute(DriverCommandExecutor.java:142)
	at org.openqa.selenium.remote.RemoteWebDriver.execute(RemoteWebDriver.java:567)
	at org.openqa.selenium.remote.ElementLocation$ElementFinder$2.findElement(ElementLocation.java:162)
	at org.openqa.selenium.remote.ElementLocation.findElement(ElementLocation.java:60)
	at org.openqa.selenium.remote.RemoteWebDriver.findElement(RemoteWebDriver.java:385)
	at org.openqa.selenium.remote.RemoteWebDriver.findElement(RemoteWebDriver.java:377)
	at pages.LoginPage.incorrectusername(LoginPage.java:94)
	at stepdefinition.LoginSteps.incorrect_user_name_validation_message_should_be_displayed(LoginSteps.java:64)
	at ✽.Incorrect User Name validation message should be displayed(file:///C:/Users/calibrage12/Downloads/com.calibrage.safetychain/com.calibrage.safetychain/features/Link_LoginPage.feature:23)
</textarea>
		</li>
		<li test-id='33' class='node * pass' status='pass'>
			<div class="step-name" title=""><span class='status pass' title='pass'><i class='material-icons'>check_circle</i></span>stepdefinition.Hooks.as(io.cucumber.java.Scenario)</div>
			<ul class='screenshots right'>
				<li><a data-featherlight="image" href="../screenshots/embedded12.png"><i class='material-icons'>panorama</i></a></li>
			</ul>
			<div class="node-step"></div>
		</li>
	</ul>
</div>
<div class='scenario node' test-id='35' status='fail'>
	<div class='category-list'>
		<span class='category label'>@FeatureGroup_Requirement</span>
		<span class='category label'>@SmokeTest</span>
	</div>
	<span class='duration right label'>0h 1m 9s+825ms</span>
	<div class="bdd-test">
		<div class="scenario-name"><span class='status fail' title='fail'><i class='material-icons'>cancel</i></span> Scenario: Validate login is unsuccessful with invalid password credentials</div>
	</div>
	<ul class='steps'>
		<li test-id='37' class='node given pass' status='pass'>
			<div class="step-name" title="stepdefinition.LoginSteps.user_is_on_login_page()"><span class='status pass' title='pass'><i class='material-icons'>check_circle</i></span>Given User is on login page</div>
			<div class="node-step"></div>
		</li>
		<li test-id='38' class='node * pass' status='pass'>
			<div class="step-name" title=""><span class='status pass' title='pass'><i class='material-icons'>check_circle</i></span>stepdefinition.Hooks.as(io.cucumber.java.Scenario)</div>
			<ul class='screenshots right'>
				<li><a data-featherlight="image" href="../screenshots/embedded13.png"><i class='material-icons'>panorama</i></a></li>
			</ul>
			<div class="node-step"></div>
		</li>
		<li test-id='39' class='node when pass' status='pass'>
			<div class="step-name" title="stepdefinition.LoginSteps.user_enters_valid_username_and_invalid_password()"><span class='status pass' title='pass'><i class='material-icons'>check_circle</i></span>When User enters valid username and invalid password</div>
			<div class="node-step"></div>
		</li>
		<li test-id='40' class='node * pass' status='pass'>
			<div class="step-name" title=""><span class='status pass' title='pass'><i class='material-icons'>check_circle</i></span>stepdefinition.Hooks.as(io.cucumber.java.Scenario)</div>
			<ul class='screenshots right'>
				<li><a data-featherlight="image" href="../screenshots/embedded14.png"><i class='material-icons'>panorama</i></a></li>
			</ul>
			<div class="node-step"></div>
		</li>
		<li test-id='41' class='node and pass' status='pass'>
			<div class="step-name" title="stepdefinition.LoginSteps.clicks_on_login_button()"><span class='status pass' title='pass'><i class='material-icons'>check_circle</i></span>And Clicks on login button</div>
			<div class="node-step"></div>
		</li>
		<li test-id='42' class='node * pass' status='pass'>
			<div class="step-name" title=""><span class='status pass' title='pass'><i class='material-icons'>check_circle</i></span>stepdefinition.Hooks.as(io.cucumber.java.Scenario)</div>
			<ul class='screenshots right'>
				<li><a data-featherlight="image" href="../screenshots/embedded15.png"><i class='material-icons'>panorama</i></a></li>
			</ul>
			<div class="node-step"></div>
		</li>
		<li test-id='43' class='node then fail' status='fail'>
			<div class="step-name" title="stepdefinition.LoginSteps.incorrect_password_validation_message_should_be_displayed()"><span class='status fail' title='fail'><i class='material-icons'>cancel</i></span>Then Incorrect Password validation message should be displayed</div>
			<textarea disabled class="code-block">org.openqa.selenium.NoSuchElementException: no such element: Unable to locate element: {"method":"xpath","selector":"//span[text()='Incorrect User Name / Password combination. Your account will be locked after 9 more invalid login attempt(s).']"}
  (Session info: chrome=101.0.4951.67)
For documentation on this error, please visit: https://selenium.dev/exceptions/#no_such_element
Build info: version: '4.1.4', revision: '535d840ee2'
System info: host: 'DESKTOP-ED9DCJS', ip: '192.168.1.129', os.name: 'Windows 10', os.arch: 'amd64', os.version: '10.0', java.version: '1.8.0_281'
Driver info: org.openqa.selenium.chrome.ChromeDriver
Command: [4a815902f7822b844ef1442c29295980, findElement {using=xpath, value=//span[text()='Incorrect User Name / Password combination. Your account will be locked after 9 more invalid login attempt(s).']}]
Capabilities {acceptInsecureCerts: false, browserName: chrome, browserVersion: 101.0.4951.67, chrome: {chromedriverVersion: 101.0.4951.41 (93c720db8323..., userDataDir: C:\Users\CALIBR~1\AppData\L...}, goog:chromeOptions: {debuggerAddress: localhost:55508}, javascriptEnabled: true, networkConnectionEnabled: false, pageLoadStrategy: normal, platform: WINDOWS, platformName: WINDOWS, proxy: Proxy(), se:cdp: ws://localhost:55508/devtoo..., se:cdpVersion: 101.0.4951.67, setWindowRect: true, strictFileInteractability: false, timeouts: {implicit: 0, pageLoad: 300000, script: 30000}, unhandledPromptBehavior: dismiss and notify, webauthn:extension:credBlob: true, webauthn:extension:largeBlob: true, webauthn:virtualAuthenticators: true}
Session ID: 4a815902f7822b844ef1442c29295980
	at sun.reflect.NativeConstructorAccessorImpl.newInstance0(Native Method)
	at sun.reflect.NativeConstructorAccessorImpl.newInstance(NativeConstructorAccessorImpl.java:62)
	at sun.reflect.DelegatingConstructorAccessorImpl.newInstance(DelegatingConstructorAccessorImpl.java:45)
	at java.lang.reflect.Constructor.newInstance(Constructor.java:423)
	at org.openqa.selenium.remote.codec.w3c.W3CHttpResponseCodec.createException(W3CHttpResponseCodec.java:200)
	at org.openqa.selenium.remote.codec.w3c.W3CHttpResponseCodec.decode(W3CHttpResponseCodec.java:133)
	at org.openqa.selenium.remote.codec.w3c.W3CHttpResponseCodec.decode(W3CHttpResponseCodec.java:53)
	at org.openqa.selenium.remote.HttpCommandExecutor.execute(HttpCommandExecutor.java:184)
	at org.openqa.selenium.remote.service.DriverCommandExecutor.invokeExecute(DriverCommandExecutor.java:167)
	at org.openqa.selenium.remote.service.DriverCommandExecutor.execute(DriverCommandExecutor.java:142)
	at org.openqa.selenium.remote.RemoteWebDriver.execute(RemoteWebDriver.java:567)
	at org.openqa.selenium.remote.ElementLocation$ElementFinder$2.findElement(ElementLocation.java:162)
	at org.openqa.selenium.remote.ElementLocation.findElement(ElementLocation.java:60)
	at org.openqa.selenium.remote.RemoteWebDriver.findElement(RemoteWebDriver.java:385)
	at org.openqa.selenium.remote.RemoteWebDriver.findElement(RemoteWebDriver.java:377)
	at pages.LoginPage.incorrectpassword(LoginPage.java:88)
	at stepdefinition.LoginSteps.incorrect_password_validation_message_should_be_displayed(LoginSteps.java:69)
	at ✽.Incorrect Password validation message should be displayed(file:///C:/Users/calibrage12/Downloads/com.calibrage.safetychain/com.calibrage.safetychain/features/Link_LoginPage.feature:30)
</textarea>
		</li>
		<li test-id='44' class='node * pass' status='pass'>
			<div class="step-name" title=""><span class='status pass' title='pass'><i class='material-icons'>check_circle</i></span>stepdefinition.Hooks.as(io.cucumber.java.Scenario)</div>
			<ul class='screenshots right'>
				<li><a data-featherlight="image" href="../screenshots/embedded16.png"><i class='material-icons'>panorama</i></a></li>
			</ul>
			<div class="node-step"></div>
		</li>
	</ul>
</div>
<div class='scenario node' test-id='46' status='pass'>
	<div class='category-list'>
		<span class='category label'>@FeatureGroup_Requirement</span>
		<span class='category label'>@SmokeTest</span>
	</div>
	<span class='duration right label'>0h 0m 47s+751ms</span>
	<div class="bdd-test">
		<div class="scenario-name"><span class='status pass' title='pass'><i class='material-icons'>check_circle</i></span> Scenario: Validate passwordhelp link in login page</div>
	</div>
	<ul class='steps'>
		<li test-id='48' class='node given pass' status='pass'>
			<div class="step-name" title="stepdefinition.LoginSteps.user_is_on_safetychain_login_page()"><span class='status pass' title='pass'><i class='material-icons'>check_circle</i></span>Given User is on Safetychain Login page</div>
			<div class="node-step"></div>
		</li>
		<li test-id='49' class='node * pass' status='pass'>
			<div class="step-name" title=""><span class='status pass' title='pass'><i class='material-icons'>check_circle</i></span>stepdefinition.Hooks.as(io.cucumber.java.Scenario)</div>
			<ul class='screenshots right'>
				<li><a data-featherlight="image" href="../screenshots/embedded17.png"><i class='material-icons'>panorama</i></a></li>
			</ul>
			<div class="node-step"></div>
		</li>
		<li test-id='50' class='node when pass' status='pass'>
			<div class="step-name" title="stepdefinition.LoginSteps.user_clicks_on_passwordhelp_link()"><span class='status pass' title='pass'><i class='material-icons'>check_circle</i></span>When User clicks on passwordhelp link</div>
			<div class="node-step"></div>
		</li>
		<li test-id='51' class='node * pass' status='pass'>
			<div class="step-name" title=""><span class='status pass' title='pass'><i class='material-icons'>check_circle</i></span>stepdefinition.Hooks.as(io.cucumber.java.Scenario)</div>
			<ul class='screenshots right'>
				<li><a data-featherlight="image" href="../screenshots/embedded18.png"><i class='material-icons'>panorama</i></a></li>
			</ul>
			<div class="node-step"></div>
		</li>
		<li test-id='52' class='node then pass' status='pass'>
			<div class="step-name" title="stepdefinition.LoginSteps.user_navigated_to_the_password_help_page()"><span class='status pass' title='pass'><i class='material-icons'>check_circle</i></span>Then User navigated to the Password Help page</div>
			<div class="node-step"></div>
		</li>
		<li test-id='53' class='node * pass' status='pass'>
			<div class="step-name" title=""><span class='status pass' title='pass'><i class='material-icons'>check_circle</i></span>stepdefinition.Hooks.as(io.cucumber.java.Scenario)</div>
			<ul class='screenshots right'>
				<li><a data-featherlight="image" href="../screenshots/embedded19.png"><i class='material-icons'>panorama</i></a></li>
			</ul>
			<div class="node-step"></div>
		</li>
	</ul>
</div>
					</div>
				</li>
			</ul>
		</div>
	</div>
	<!-- subview left -->
	<div class='subview-right left'>
		<div class='view-summary'>
			<div id='step-filters' class="right sr-filters">
				<a class="btn-floating waves-effect waves-light green" status="pass" alt="pass" title="pass"><i class="material-icons">check_circle</i></a>
				<a class="btn-floating waves-effect waves-light red" status="fail" alt="fail" title="fail"><i class="material-icons">cancel</i></a>
				<a class="btn-floating waves-effect waves-light red darken-4" status="fatal" alt="fatal" title="fatal"><i class="material-icons">cancel</i></a>
				<a class="btn-floating waves-effect waves-light pink text-lighten-1" status="error" alt="error" title="error"><i class="material-icons">error</i></a>
				<a class="btn-floating waves-effect waves-light orange" alt="warning" status="warning" title="warning"><i class="material-icons">warning</i></a>
				<a class="btn-floating waves-effect waves-light teal" status="skip" alt="skip" title="skip"><i class="material-icons">redo</i></a>
				<a class="btn-floating waves-effect waves-light grey" status="clear" alt="Clear filters" title="Clear filters"><i class="material-icons">clear</i></a>
			</div>
			<h5 class='test-name'></h5>
		</div>
	</div>
	<!-- subview right -->
</div>
<!-- test view --><div id='category-view' class='view hide'>
	<section id='controls'>
		<div class='controls grey lighten-4'>
			<!-- search -->
			<div class='chip transparent' alt='Search Tests' title='Search Tests'>
				<a href="#" class='search-div'>
				<i class='material-icons'>search</i> Search
				</a>
				<div class='input-field left hide'>
					<input id='search-tests' type='text' class='validate browser-default' placeholder='Search Tests...'>
				</div>
			</div>
			<!-- search -->
		</div>
	</section>
	<div class='subview-left left'>
		<div class='view-summary'>
			<ul id='category-collection' class='category-collection'>
				<li class='category displayed active'>
					<div class='category-heading'>
						<span class='category-name'>@FeatureGroup_Requirement</span>
						<span class='category-status right'>
						<span class='label pass'>3</span>
						<span class='label fail'>2</span>
						</span>
					</div>
					<div class='category-content hide'>
						<div class='category-status-counts'>
							<span status="pass" class='label green accent-4 white-text'>Passed: 3</span>
							<span status="fail" class='label red lighten-1 white-text'>Failed: 2</span>
							
						</div>
						<div class='category-tests'>
							<table class='bordered table-results'>
								<thead>
									<tr>
										<th>Timestamp</th>
										<th>TestName</th>
										<th>Status</th>
									</tr>
								</thead>
								<tbody>
									<tr>
										<td>May 30, 2022 06:38:10 PM</td>
										<td class='linked' test-id='1'>feature to test login functionality</td>
										<td><span class='test-status fail'>fail</span></td>
									</tr>
									<tr>
										<td>May 30, 2022 06:38:10 PM</td>
										<td class='linked' test-id='2'>Validate login is successful with valid credentials</td>
										<td><span class='test-status pass'>pass</span></td>
									</tr>
									<tr>
										<td>May 30, 2022 06:38:35 PM</td>
										<td class='linked' test-id='13'>Validate login functionality without user credentials</td>
										<td><span class='test-status pass'>pass</span></td>
									</tr>
									<tr>
										<td>May 30, 2022 06:38:47 PM</td>
										<td class='linked' test-id='24'>Validate login is unsuccessful with invalid username credentials</td>
										<td><span class='test-status fail'>fail</span></td>
									</tr>
									<tr>
										<td>May 30, 2022 06:40:01 PM</td>
										<td class='linked' test-id='35'>Validate login is unsuccessful with invalid password credentials</td>
										<td><span class='test-status fail'>fail</span></td>
									</tr>
									<tr>
										<td>May 30, 2022 06:41:15 PM</td>
										<td class='linked' test-id='46'>Validate passwordhelp link in login page</td>
										<td><span class='test-status pass'>pass</span></td>
									</tr>
								</tbody>
							</table>
						</div>
					</div>
				</li>
				<li class='category displayed active'>
					<div class='category-heading'>
						<span class='category-name'>@SmokeTest</span>
						<span class='category-status right'>
						<span class='label pass'>3</span>
						<span class='label fail'>2</span>
						</span>
					</div>
					<div class='category-content hide'>
						<div class='category-status-counts'>
							<span status="pass" class='label green accent-4 white-text'>Passed: 3</span>
							<span status="fail" class='label red lighten-1 white-text'>Failed: 2</span>
							
						</div>
						<div class='category-tests'>
							<table class='bordered table-results'>
								<thead>
									<tr>
										<th>Timestamp</th>
										<th>TestName</th>
										<th>Status</th>
									</tr>
								</thead>
								<tbody>
									<tr>
										<td>May 30, 2022 06:38:10 PM</td>
										<td class='linked' test-id='2'>Validate login is successful with valid credentials</td>
										<td><span class='test-status pass'>pass</span></td>
									</tr>
									<tr>
										<td>May 30, 2022 06:38:35 PM</td>
										<td class='linked' test-id='13'>Validate login functionality without user credentials</td>
										<td><span class='test-status pass'>pass</span></td>
									</tr>
									<tr>
										<td>May 30, 2022 06:38:47 PM</td>
										<td class='linked' test-id='24'>Validate login is unsuccessful with invalid username credentials</td>
										<td><span class='test-status fail'>fail</span></td>
									</tr>
									<tr>
										<td>May 30, 2022 06:40:01 PM</td>
										<td class='linked' test-id='35'>Validate login is unsuccessful with invalid password credentials</td>
										<td><span class='test-status fail'>fail</span></td>
									</tr>
									<tr>
										<td>May 30, 2022 06:41:15 PM</td>
										<td class='linked' test-id='46'>Validate passwordhelp link in login page</td>
										<td><span class='test-status pass'>pass</span></td>
									</tr>
								</tbody>
							</table>
						</div>
					</div>
				</li>
			</ul>
		</div>
	</div>
	<div class='subview-right left'>
		<div class='view-summary'>
			<h5 class='category-name'></h5>
		</div>
	</div>
</div>
<!-- category view --><div id='exception-view' class='view hide'>
	<section id='controls'>
		<div class='controls grey lighten-4'>
			<!-- search -->
			<div class='chip transparent' alt='Search Tests' title='Search Tests'>
				<a href="#" class='search-div'>
				<i class='material-icons'>search</i> Search
				</a>
				<div class='input-field left hide'>
					<input id='search-tests' type='text' class='validate browser-default' placeholder='Search Tests...'>
				</div>
			</div>
			<!-- search -->
		</div>
	</section>
	<div class='subview-left left'>
		<div class='view-summary'>
			<ul id='exception-collection' class='exception-collection'>
				<li class='exception displayed active'>
					<div class='exception-heading'>
						<span class='exception-name'>org.openqa.selenium.NoSuchElementException</span>
						<span class='exception-count right'><span class='label red lighten-1 white-text'>2</span></span>
					</div>
					<div class='exception-content hide'>
						<div class='exception-tests'>
							<table class='bordered table-results'>
								<thead>
									<tr>
										<th>Timestamp</th>
										<th>TestName</th>
										<th>Status</th>
									</tr>
								</thead>
								<tbody>
									<tr>
										<td>May 30, 2022 06:38:56 PM</td>
										<td class='linked' test-id='32'>Then Incorrect User Name validation message should be displayed</td>
										<td>
											<textarea disabled class="code-block">org.openqa.selenium.NoSuchElementException: no such element: Unable to locate element: {"method":"xpath","selector":"//span[text()='Incorrect User Name / Password combination. Please try again.']"}
  (Session info: chrome=101.0.4951.67)
For documentation on this error, please visit: https://selenium.dev/exceptions/#no_such_element
Build info: version: '4.1.4', revision: '535d840ee2'
System info: host: 'DESKTOP-ED9DCJS', ip: '192.168.1.129', os.name: 'Windows 10', os.arch: 'amd64', os.version: '10.0', java.version: '1.8.0_281'
Driver info: org.openqa.selenium.chrome.ChromeDriver
Command: [384020507d802a8129cd6dae265eba41, findElement {using=xpath, value=//span[text()='Incorrect User Name / Password combination. Please try again.']}]
Capabilities {acceptInsecureCerts: false, browserName: chrome, browserVersion: 101.0.4951.67, chrome: {chromedriverVersion: 101.0.4951.41 (93c720db8323..., userDataDir: C:\Users\CALIBR~1\AppData\L...}, goog:chromeOptions: {debuggerAddress: localhost:50000}, javascriptEnabled: true, networkConnectionEnabled: false, pageLoadStrategy: normal, platform: WINDOWS, platformName: WINDOWS, proxy: Proxy(), se:cdp: ws://localhost:50000/devtoo..., se:cdpVersion: 101.0.4951.67, setWindowRect: true, strictFileInteractability: false, timeouts: {implicit: 0, pageLoad: 300000, script: 30000}, unhandledPromptBehavior: dismiss and notify, webauthn:extension:credBlob: true, webauthn:extension:largeBlob: true, webauthn:virtualAuthenticators: true}
Session ID: 384020507d802a8129cd6dae265eba41
	at sun.reflect.NativeConstructorAccessorImpl.newInstance0(Native Method)
	at sun.reflect.NativeConstructorAccessorImpl.newInstance(NativeConstructorAccessorImpl.java:62)
	at sun.reflect.DelegatingConstructorAccessorImpl.newInstance(DelegatingConstructorAccessorImpl.java:45)
	at java.lang.reflect.Constructor.newInstance(Constructor.java:423)
	at org.openqa.selenium.remote.codec.w3c.W3CHttpResponseCodec.createException(W3CHttpResponseCodec.java:200)
	at org.openqa.selenium.remote.codec.w3c.W3CHttpResponseCodec.decode(W3CHttpResponseCodec.java:133)
	at org.openqa.selenium.remote.codec.w3c.W3CHttpResponseCodec.decode(W3CHttpResponseCodec.java:53)
	at org.openqa.selenium.remote.HttpCommandExecutor.execute(HttpCommandExecutor.java:184)
	at org.openqa.selenium.remote.service.DriverCommandExecutor.invokeExecute(DriverCommandExecutor.java:167)
	at org.openqa.selenium.remote.service.DriverCommandExecutor.execute(DriverCommandExecutor.java:142)
	at org.openqa.selenium.remote.RemoteWebDriver.execute(RemoteWebDriver.java:567)
	at org.openqa.selenium.remote.ElementLocation$ElementFinder$2.findElement(ElementLocation.java:162)
	at org.openqa.selenium.remote.ElementLocation.findElement(ElementLocation.java:60)
	at org.openqa.selenium.remote.RemoteWebDriver.findElement(RemoteWebDriver.java:385)
	at org.openqa.selenium.remote.RemoteWebDriver.findElement(RemoteWebDriver.java:377)
	at pages.LoginPage.incorrectusername(LoginPage.java:94)
	at stepdefinition.LoginSteps.incorrect_user_name_validation_message_should_be_displayed(LoginSteps.java:64)
	at ✽.Incorrect User Name validation message should be displayed(file:///C:/Users/calibrage12/Downloads/com.calibrage.safetychain/com.calibrage.safetychain/features/Link_LoginPage.feature:23)
</textarea>
										</td>
									</tr>
									<tr>
										<td>May 30, 2022 06:40:10 PM</td>
										<td class='linked' test-id='43'>Then Incorrect Password validation message should be displayed</td>
										<td>
											<textarea disabled class="code-block">org.openqa.selenium.NoSuchElementException: no such element: Unable to locate element: {"method":"xpath","selector":"//span[text()='Incorrect User Name / Password combination. Your account will be locked after 9 more invalid login attempt(s).']"}
  (Session info: chrome=101.0.4951.67)
For documentation on this error, please visit: https://selenium.dev/exceptions/#no_such_element
Build info: version: '4.1.4', revision: '535d840ee2'
System info: host: 'DESKTOP-ED9DCJS', ip: '192.168.1.129', os.name: 'Windows 10', os.arch: 'amd64', os.version: '10.0', java.version: '1.8.0_281'
Driver info: org.openqa.selenium.chrome.ChromeDriver
Command: [4a815902f7822b844ef1442c29295980, findElement {using=xpath, value=//span[text()='Incorrect User Name / Password combination. Your account will be locked after 9 more invalid login attempt(s).']}]
Capabilities {acceptInsecureCerts: false, browserName: chrome, browserVersion: 101.0.4951.67, chrome: {chromedriverVersion: 101.0.4951.41 (93c720db8323..., userDataDir: C:\Users\CALIBR~1\AppData\L...}, goog:chromeOptions: {debuggerAddress: localhost:55508}, javascriptEnabled: true, networkConnectionEnabled: false, pageLoadStrategy: normal, platform: WINDOWS, platformName: WINDOWS, proxy: Proxy(), se:cdp: ws://localhost:55508/devtoo..., se:cdpVersion: 101.0.4951.67, setWindowRect: true, strictFileInteractability: false, timeouts: {implicit: 0, pageLoad: 300000, script: 30000}, unhandledPromptBehavior: dismiss and notify, webauthn:extension:credBlob: true, webauthn:extension:largeBlob: true, webauthn:virtualAuthenticators: true}
Session ID: 4a815902f7822b844ef1442c29295980
	at sun.reflect.NativeConstructorAccessorImpl.newInstance0(Native Method)
	at sun.reflect.NativeConstructorAccessorImpl.newInstance(NativeConstructorAccessorImpl.java:62)
	at sun.reflect.DelegatingConstructorAccessorImpl.newInstance(DelegatingConstructorAccessorImpl.java:45)
	at java.lang.reflect.Constructor.newInstance(Constructor.java:423)
	at org.openqa.selenium.remote.codec.w3c.W3CHttpResponseCodec.createException(W3CHttpResponseCodec.java:200)
	at org.openqa.selenium.remote.codec.w3c.W3CHttpResponseCodec.decode(W3CHttpResponseCodec.java:133)
	at org.openqa.selenium.remote.codec.w3c.W3CHttpResponseCodec.decode(W3CHttpResponseCodec.java:53)
	at org.openqa.selenium.remote.HttpCommandExecutor.execute(HttpCommandExecutor.java:184)
	at org.openqa.selenium.remote.service.DriverCommandExecutor.invokeExecute(DriverCommandExecutor.java:167)
	at org.openqa.selenium.remote.service.DriverCommandExecutor.execute(DriverCommandExecutor.java:142)
	at org.openqa.selenium.remote.RemoteWebDriver.execute(RemoteWebDriver.java:567)
	at org.openqa.selenium.remote.ElementLocation$ElementFinder$2.findElement(ElementLocation.java:162)
	at org.openqa.selenium.remote.ElementLocation.findElement(ElementLocation.java:60)
	at org.openqa.selenium.remote.RemoteWebDriver.findElement(RemoteWebDriver.java:385)
	at org.openqa.selenium.remote.RemoteWebDriver.findElement(RemoteWebDriver.java:377)
	at pages.LoginPage.incorrectpassword(LoginPage.java:88)
	at stepdefinition.LoginSteps.incorrect_password_validation_message_should_be_displayed(LoginSteps.java:69)
	at ✽.Incorrect Password validation message should be displayed(file:///C:/Users/calibrage12/Downloads/com.calibrage.safetychain/com.calibrage.safetychain/features/Link_LoginPage.feature:30)
</textarea>
										</td>
									</tr>
								</tbody>
							</table>
						</div>
					</div>
				</li>
			</ul>
		</div>
	</div>
	<div class='subview-right left'>
		<div class='view-summary'>
			<h5 class='exception-name'></h5>
		</div>
	</div>
</div>
<!-- exception view --><div id='dashboard-view' class='view hide'>
	<div class='card-panel transparent np-v'>
		<h5>Dashboard</h5>

		<div class='row'>
			<div class='col s2'>
				<div class='card-panel r'>
					Features
					<div class='panel-lead'>1</div>
				</div>
			</div>
			<div class='col s2'>
				<div class='card-panel r'>
					Scenarios
					<div class='panel-lead'>5</div>
				</div>
			</div>
			<div class='col s2'>
				<div class='card-panel r'>
					Steps
					<div class='panel-lead'>38</div>
				</div>
			</div>
			<div class='col s2'>
				<div class='card-panel r'>
					Start
					<div class='panel-lead'>May 30, 2022 06:38:05 PM</div>
				</div>
			</div>
			<div class='col s2'>
				<div class='card-panel r'>
			 		End
			 		<div class='panel-lead'>May 30, 2022 06:42:05 PM</div>
				</div>
			</div>
			<div class='col s2'>
				<div class='card-panel r'>
					Time Taken
					<div class='panel-lead'>0h 3m 59s+473ms</div>
				</div>
			</div>
			<div class='col s6'>
				<div class='card-panel dashboard-categories'>
					<span class='right label cyan white-text'>Categories</span><p>&nbsp;</p>
					
					<table>
						<tr>
							<th>Name</th>
							<th>Passed</th>
							<th>Failed</th>
							<th>Skipped</th>
							<th>Passed %</th>
						</tr>
						<tr>
							<td>@FeatureGroup_Requirement</td>
							<td>3</td>
							<td>2</td>
							<td>0</td>
							<td>
									50%
							</td>
						</tr>
						<tr>
							<td>@SmokeTest</td>
							<td>3</td>
							<td>2</td>
							<td>0</td>
							<td>
									60%
							</td>
						</tr>
					</table>
				</div>
			</div>
		</div>
	</div>
</div>
<!-- dashboard view -->
<!-- testrunner-logs view -->		</div>
		<!-- container -->
		<script>
			var statusGroup = {
                parentCount: 1,
				passParent: 0,
				failParent: 1,
				fatalParent: 0,
				errorParent: 0,
				warningParent: 0,
				skipParent: 0,
				exceptionsParent: 1,
				childCount: 5,
				passChild: 3,
				failChild: 2,
				fatalChild: 0,
				errorChild: 0,
				warningChild: 0,
				skipChild: 0,
				infoChild: 0,
				debugChild: 0,
				exceptionsChild: 2,
				grandChildCount: 38,
				passGrandChild: 36,
				failGrandChild: 2,
				fatalGrandChild: 0,
				errorGrandChild: 0,
				warningGrandChild: 0,
				skipGrandChild: 0,
				infoGrandChild: 0,
				debugGrandChild: 0,
				exceptionsGrandChild: 2,
			};
		</script>
		<script>
			var timeline = {
			        "feature to test login functionality":233.204
			};
		</script>
	
		  <script src='https://cdn.jsdelivr.net/gh/extent-framework/extent-github-cdn@ff53917fbbdb5ef820abbbe4d199a6942dc771ff/v3html/js/extent.js' type='text/javascript'></script>
		<script type='text/javascript'>
		</script>
	</body>
</html>